;  LST file generated by mikroListExporter - v.2.0 
; Date/Time: 1.05.2018 15:31:32
;----------------------------------------------

;Address Opcode 	ASM
0x0000	0xF000EFCD  	GOTO        410
_interrupt:
;USARTTX.c,6 :: 		void interrupt()
0x0008	0xF019C000  	MOVFF       R0, 25
0x000C	0xF018C001  	MOVFF       R1, 24
0x0010	0xF017C00B  	MOVFF       R11, 23
0x0014	0xF016C00C  	MOVFF       R12, 22
0x0018	0xF015C00D  	MOVFF       R13, 21
;USARTTX.c,8 :: 		if(PIR1.RCIF)
0x001C	0xAA9E      	BTFSS       PIR1, 5 
0x001E	0xD01F      	BRA         L_interrupt0
;USARTTX.c,10 :: 		PIR1.RCIF=0;   //LED 1
0x0020	0x9A9E      	BCF         PIR1, 5 
;USARTTX.c,12 :: 		UART1_Read_Text(gelen,"OK", 30);    // reads text until 'OK' is found
0x0022	0x0E27      	MOVLW       _gelen
0x0024	0x6E42      	MOVWF       FARG_UART1_Read_Text_Output 
0x0026	0x0E00      	MOVLW       hi_addr(_gelen)
0x0028	0x6E43      	MOVWF       FARG_UART1_Read_Text_Output+1 
0x002A	0x0E24      	MOVLW       ?lstr1_USARTTX
0x002C	0x6E44      	MOVWF       FARG_UART1_Read_Text_Delimiter 
0x002E	0x0E00      	MOVLW       hi_addr(?lstr1_USARTTX)
0x0030	0x6E45      	MOVWF       FARG_UART1_Read_Text_Delimiter+1 
0x0032	0x0E1E      	MOVLW       30
0x0034	0x6E46      	MOVWF       FARG_UART1_Read_Text_Attempts 
0x0036	0xD82C      	RCALL       _UART1_Read_Text
;USARTTX.c,13 :: 		if(gelen[0]==crc_data[0])
0x0038	0x5027      	MOVF        _gelen, 0 
0x003A	0x181A      	XORWF       _crc_data, 0 
0x003C	0xE10F      	BNZ         L_interrupt1
;USARTTX.c,15 :: 		PORTC.F0=1;
0x003E	0x8082      	BSF         PORTC, 0 
;USARTTX.c,16 :: 		delay_ms(100);
0x0040	0x0E02      	MOVLW       2
0x0042	0x6E0B      	MOVWF       R11, 0
0x0044	0x0E04      	MOVLW       4
0x0046	0x6E0C      	MOVWF       R12, 0
0x0048	0x0EBA      	MOVLW       186
0x004A	0x6E0D      	MOVWF       R13, 0
L_interrupt2:
0x004C	0x2E0D      	DECFSZ      R13, 1, 0
0x004E	0xD7FE      	BRA         L_interrupt2
0x0050	0x2E0C      	DECFSZ      R12, 1, 0
0x0052	0xD7FC      	BRA         L_interrupt2
0x0054	0x2E0B      	DECFSZ      R11, 1, 0
0x0056	0xD7FA      	BRA         L_interrupt2
0x0058	0x0000      	NOP
;USARTTX.c,17 :: 		PORTC.F0=0;                          //LED 0
0x005A	0x9082      	BCF         PORTC, 0 
;USARTTX.c,19 :: 		}
L_interrupt1:
;USARTTX.c,24 :: 		PIR1.RCIF=0;                         //FLAG TEMÝZLENDÝ
0x005C	0x9A9E      	BCF         PIR1, 5 
;USARTTX.c,26 :: 		}
L_interrupt0:
;USARTTX.c,27 :: 		}
L_end_interrupt:
L__interrupt7:
0x005E	0xF000C019  	MOVFF       25, R0
0x0062	0xF001C018  	MOVFF       24, R1
0x0066	0xF00BC017  	MOVFF       23, R11
0x006A	0xF00CC016  	MOVFF       22, R12
0x006E	0xF00DC015  	MOVFF       21, R13
0x0072	0x0011      	RETFIE      1
; end of _interrupt
_UART1_Data_Ready:
;__Lib_UART_c67.c,34 :: 		
;__Lib_UART_c67.c,35 :: 		
0x0074	0x0E00      	MOVLW       0
0x0076	0xBA9E      	BTFSC       PIR1, 5 
0x0078	0x0E01      	MOVLW       1
0x007A	0x6E00      	MOVWF       R0 
;__Lib_UART_c67.c,36 :: 		
L_end_UART1_Data_Ready:
0x007C	0x0012      	RETURN      0
; end of _UART1_Data_Ready
_UART1_Read:
;__Lib_UART_c67.c,39 :: 		
;__Lib_UART_c67.c,42 :: 		
0x007E	0xF001CFAE  	MOVFF       RCREG, R1
;__Lib_UART_c67.c,43 :: 		
0x0082	0xA2AB      	BTFSS       RCSTA, 1 
0x0084	0xD002      	BRA         L_UART1_Read2
;__Lib_UART_c67.c,44 :: 		
0x0086	0x98AB      	BCF         RCSTA, 4 
;__Lib_UART_c67.c,45 :: 		
0x0088	0x88AB      	BSF         RCSTA, 4 
;__Lib_UART_c67.c,46 :: 		
L_UART1_Read2:
;__Lib_UART_c67.c,47 :: 		
0x008A	0xF000C001  	MOVFF       R1, R0
;__Lib_UART_c67.c,48 :: 		
L_end_UART1_Read:
0x008E	0x0012      	RETURN      0
; end of _UART1_Read
_UART1_Read_Text:
;__Lib_UART_c67.c,78 :: 		
;__Lib_UART_c67.c,79 :: 		
0x0090	0x6A48      	CLRF        UART1_Read_Text_out_idx_L0 
0x0092	0x6A49      	CLRF        UART1_Read_Text_delim_idx_L0 
;__Lib_UART_c67.c,81 :: 		
L_UART1_Read_Text7:
0x0094	0x5246      	MOVF        FARG_UART1_Read_Text_Attempts, 1 
0x0096	0xE041      	BZ          L_UART1_Read_Text8
;__Lib_UART_c67.c,83 :: 		
0x0098	0x5046      	MOVF        FARG_UART1_Read_Text_Attempts, 0 
0x009A	0x0AFF      	XORLW       255
0x009C	0xA4D8      	BTFSS       STATUS, 2 
;__Lib_UART_c67.c,84 :: 		
0x009E	0x0646      	DECF        FARG_UART1_Read_Text_Attempts, 1 
L_UART1_Read_Text9:
;__Lib_UART_c67.c,86 :: 		
L_UART1_Read_Text10:
0x00A0	0xDFE9      	RCALL       _UART1_Data_Ready
0x00A2	0x5000      	MOVF        R0, 0 
0x00A4	0x0A00      	XORLW       0
0x00A6	0xE101      	BNZ         L_UART1_Read_Text11
;__Lib_UART_c67.c,87 :: 		
0x00A8	0xD7FB      	BRA         L_UART1_Read_Text10
L_UART1_Read_Text11:
;__Lib_UART_c67.c,89 :: 		
0x00AA	0xDFE9      	RCALL       _UART1_Read
0x00AC	0xF047C000  	MOVFF       R0, UART1_Read_Text_r_data_L0
;__Lib_UART_c67.c,90 :: 		
0x00B0	0x5048      	MOVF        UART1_Read_Text_out_idx_L0, 0 
0x00B2	0x2442      	ADDWF       FARG_UART1_Read_Text_Output, 0 
0x00B4	0x6EE1      	MOVWF       FSR1L 
0x00B6	0x0E00      	MOVLW       0
0x00B8	0x2043      	ADDWFC      FARG_UART1_Read_Text_Output+1, 0 
0x00BA	0x6EE2      	MOVWF       FSR1H 
0x00BC	0xFFE6C000  	MOVFF       R0, POSTINC1
0x00C0	0x2A48      	INCF        UART1_Read_Text_out_idx_L0, 1 
;__Lib_UART_c67.c,91 :: 		
0x00C2	0x5049      	MOVF        UART1_Read_Text_delim_idx_L0, 0 
0x00C4	0x2444      	ADDWF       FARG_UART1_Read_Text_Delimiter, 0 
0x00C6	0x6EE9      	MOVWF       FSR0L 
0x00C8	0x0E00      	MOVLW       0
0x00CA	0x2045      	ADDWFC      FARG_UART1_Read_Text_Delimiter+1, 0 
0x00CC	0x6EEA      	MOVWF       FSR0H 
0x00CE	0x50EE      	MOVF        POSTINC0, 0 
0x00D0	0x1847      	XORWF       UART1_Read_Text_r_data_L0, 0 
0x00D2	0xE102      	BNZ         L_UART1_Read_Text12
;__Lib_UART_c67.c,92 :: 		
0x00D4	0x2A49      	INCF        UART1_Read_Text_delim_idx_L0, 1 
;__Lib_UART_c67.c,93 :: 		
0x00D6	0xD009      	BRA         L_UART1_Read_Text13
L_UART1_Read_Text12:
;__Lib_UART_c67.c,95 :: 		
0x00D8	0x6A49      	CLRF        UART1_Read_Text_delim_idx_L0 
;__Lib_UART_c67.c,96 :: 		
0x00DA	0xFFE9C044  	MOVFF       FARG_UART1_Read_Text_Delimiter, FSR0L
0x00DE	0xFFEAC045  	MOVFF       FARG_UART1_Read_Text_Delimiter+1, FSR0H
0x00E2	0x50EE      	MOVF        POSTINC0, 0 
0x00E4	0x1847      	XORWF       UART1_Read_Text_r_data_L0, 0 
0x00E6	0xB4D8      	BTFSC       STATUS, 2 
;__Lib_UART_c67.c,97 :: 		
0x00E8	0x2A49      	INCF        UART1_Read_Text_delim_idx_L0, 1 
;__Lib_UART_c67.c,98 :: 		
L_UART1_Read_Text14:
;__Lib_UART_c67.c,99 :: 		
L_UART1_Read_Text13:
;__Lib_UART_c67.c,101 :: 		
0x00EA	0x5049      	MOVF        UART1_Read_Text_delim_idx_L0, 0 
0x00EC	0x2444      	ADDWF       FARG_UART1_Read_Text_Delimiter, 0 
0x00EE	0x6EE9      	MOVWF       FSR0L 
0x00F0	0x0E00      	MOVLW       0
0x00F2	0x2045      	ADDWFC      FARG_UART1_Read_Text_Delimiter+1, 0 
0x00F4	0x6EEA      	MOVWF       FSR0H 
0x00F6	0x50EE      	MOVF        POSTINC0, 0 
0x00F8	0x0A00      	XORLW       0
0x00FA	0xE10E      	BNZ         L_UART1_Read_Text15
;__Lib_UART_c67.c,102 :: 		
0x00FC	0x5049      	MOVF        UART1_Read_Text_delim_idx_L0, 0 
0x00FE	0x5C48      	SUBWF       UART1_Read_Text_out_idx_L0, 0 
0x0100	0x6E00      	MOVWF       R0 
0x0102	0x6A01      	CLRF        R1 
0x0104	0x0E00      	MOVLW       0
0x0106	0x5A01      	SUBWFB      R1, 1 
0x0108	0x5000      	MOVF        R0, 0 
0x010A	0x2442      	ADDWF       FARG_UART1_Read_Text_Output, 0 
0x010C	0x6EE1      	MOVWF       FSR1L 
0x010E	0x5001      	MOVF        R1, 0 
0x0110	0x2043      	ADDWFC      FARG_UART1_Read_Text_Output+1, 0 
0x0112	0x6EE2      	MOVWF       FSR1H 
0x0114	0x6AE6      	CLRF        POSTINC1 
;__Lib_UART_c67.c,103 :: 		
0x0116	0xD006      	BRA         L_end_UART1_Read_Text
;__Lib_UART_c67.c,104 :: 		
L_UART1_Read_Text15:
;__Lib_UART_c67.c,106 :: 		
0x0118	0xD7BD      	BRA         L_UART1_Read_Text7
L_UART1_Read_Text8:
;__Lib_UART_c67.c,107 :: 		
0x011A	0xFFE1C042  	MOVFF       FARG_UART1_Read_Text_Output, FSR1L
0x011E	0xFFE2C043  	MOVFF       FARG_UART1_Read_Text_Output+1, FSR1H
0x0122	0x6AE6      	CLRF        POSTINC1 
;__Lib_UART_c67.c,108 :: 		
L_end_UART1_Read_Text:
0x0124	0x0012      	RETURN      0
; end of _UART1_Read_Text
_UART1_Write:
;__Lib_UART_c67.c,58 :: 		
;__Lib_UART_c67.c,59 :: 		
L_UART1_Write3:
0x0126	0xB2AC      	BTFSC       TXSTA, 1 
0x0128	0xD002      	BRA         L_UART1_Write4
;__Lib_UART_c67.c,60 :: 		
0x012A	0x0000      	NOP
0x012C	0xD7FC      	BRA         L_UART1_Write3
L_UART1_Write4:
;__Lib_UART_c67.c,61 :: 		
0x012E	0xFFADC041  	MOVFF       FARG_UART1_Write_data_, TXREG
;__Lib_UART_c67.c,62 :: 		
L_end_UART1_Write:
0x0132	0x0012      	RETURN      0
; end of _UART1_Write
___CC2DW:
;__Lib_System.c,21 :: 		
;__Lib_System.c,23 :: 		
_CC2DL_Loop1:
;__Lib_System.c,24 :: 		
0x0134	0x0009      	TBLRD*+
;__Lib_System.c,25 :: 		
0x0136	0xFFE6CFF5  	MOVFF       TABLAT, POSTINC1
;__Lib_System.c,26 :: 		
0x013A	0x0600      	DECF        R0, 1, 0
;__Lib_System.c,27 :: 		
0x013C	0xE1FB      	BNZ         _CC2DL_Loop1
;__Lib_System.c,28 :: 		
0x013E	0x0601      	DECF        R1, 1, 0
;__Lib_System.c,29 :: 		
0x0140	0xE1F9      	BNZ         _CC2DL_Loop1
;__Lib_System.c,31 :: 		
L_end___CC2DW:
0x0142	0x0012      	RETURN      0
; end of ___CC2DW
_UART1_Init:
;__Lib_UART_c67.c,15 :: 		
;__Lib_UART_c67.c,18 :: 		
0x0144	0x0E26      	MOVLW       _UART1_Write
0x0146	0x6E35      	MOVWF       _UART_Wr_Ptr 
0x0148	0x0E01      	MOVLW       hi_addr(_UART1_Write)
0x014A	0x6E36      	MOVWF       _UART_Wr_Ptr+1 
0x014C	0x0E41      	MOVLW       FARG_UART1_Write_data_
0x014E	0x6E37      	MOVWF       _UART_Wr_Ptr+2 
0x0150	0x0E00      	MOVLW       hi_addr(FARG_UART1_Write_data_)
0x0152	0x6E38      	MOVWF       _UART_Wr_Ptr+3 
;__Lib_UART_c67.c,19 :: 		
0x0154	0x0E7E      	MOVLW       _UART1_Read
0x0156	0x6E31      	MOVWF       _UART_Rd_Ptr 
0x0158	0x0E00      	MOVLW       hi_addr(_UART1_Read)
0x015A	0x6E32      	MOVWF       _UART_Rd_Ptr+1 
0x015C	0x0E00      	MOVLW       0
0x015E	0x6E33      	MOVWF       _UART_Rd_Ptr+2 
0x0160	0x0E00      	MOVLW       0
0x0162	0x6E34      	MOVWF       _UART_Rd_Ptr+3 
;__Lib_UART_c67.c,20 :: 		
0x0164	0x0E74      	MOVLW       _UART1_Data_Ready
0x0166	0x6E39      	MOVWF       _UART_Rdy_Ptr 
0x0168	0x0E00      	MOVLW       hi_addr(_UART1_Data_Ready)
0x016A	0x6E3A      	MOVWF       _UART_Rdy_Ptr+1 
0x016C	0x0E00      	MOVLW       0
0x016E	0x6E3B      	MOVWF       _UART_Rdy_Ptr+2 
0x0170	0x0E00      	MOVLW       0
0x0172	0x6E3C      	MOVWF       _UART_Rdy_Ptr+3 
;__Lib_UART_c67.c,21 :: 		
0x0174	0x0EFF      	MOVLW       _UART1_Tx_Idle
0x0176	0x6E3D      	MOVWF       _UART_Tx_Idle_Ptr 
0x0178	0x0EFF      	MOVLW       hi_addr(_UART1_Tx_Idle)
0x017A	0x6E3E      	MOVWF       _UART_Tx_Idle_Ptr+1 
0x017C	0x0E00      	MOVLW       0
0x017E	0x6E3F      	MOVWF       _UART_Tx_Idle_Ptr+2 
0x0180	0x0E00      	MOVLW       0
0x0182	0x6E40      	MOVWF       _UART_Tx_Idle_Ptr+3 
;__Lib_UART_c67.c,23 :: 		
0x0184	0x8AAC      	BSF         TXSTA, 5 
;__Lib_UART_c67.c,24 :: 		
0x0186	0x0E90      	MOVLW       144
0x0188	0x6EAB      	MOVWF       RCSTA 
;__Lib_UART_c67.c,25 :: 		
0x018A	0x8E94      	BSF         TRISC7_bit, BitPos(TRISC7_bit+0) 
;__Lib_UART_c67.c,26 :: 		
0x018C	0x9C94      	BCF         TRISC6_bit, BitPos(TRISC6_bit+0) 
;__Lib_UART_c67.c,28 :: 		
L_UART1_Init0:
0x018E	0xAA9E      	BTFSS       PIR1, 5 
0x0190	0xD003      	BRA         L_UART1_Init1
;__Lib_UART_c67.c,29 :: 		
0x0192	0xF000CFAE  	MOVFF       RCREG, R0
0x0196	0xD7FB      	BRA         L_UART1_Init0
L_UART1_Init1:
;__Lib_UART_c67.c,30 :: 		
L_end_UART1_Init:
0x0198	0x0012      	RETURN      0
; end of _UART1_Init
_main:
0x019A	0xF001EC08  	CALL        528, 0
;USARTTX.c,31 :: 		void main()
;USARTTX.c,32 :: 		{ unsigned int k=255,l=5;
;USARTTX.c,33 :: 		TRISB = 0xFF;
0x019E	0x0EFF      	MOVLW       255
0x01A0	0x6E93      	MOVWF       TRISB 
;USARTTX.c,34 :: 		PORTB = 0;
0x01A2	0x6A81      	CLRF        PORTB 
;USARTTX.c,35 :: 		TRISC.F0=0;
0x01A4	0x9094      	BCF         TRISC, 0 
;USARTTX.c,36 :: 		PORTC.F0=0;
0x01A6	0x9082      	BCF         PORTC, 0 
;USARTTX.c,40 :: 		UART1_Init(9600);    // UART 9600 Baudrate ile baslatýldý.
0x01A8	0x86B8      	BSF         BAUDCON, 3, 0
0x01AA	0x6AB0      	CLRF        SPBRGH 
0x01AC	0x0ECF      	MOVLW       207
0x01AE	0x6EAF      	MOVWF       SPBRG 
0x01B0	0x84AC      	BSF         TXSTA, 2, 0
0x01B2	0xDFC8      	RCALL       _UART1_Init
;USARTTX.c,41 :: 		INTCON.GIE = 1;      // GLOBAL INTERRUPT ENABLE
0x01B4	0x8EF2      	BSF         INTCON, 7 
;USARTTX.c,42 :: 		PIE1.RCIE = 1;       // RECIEVE INTERRUPT ENABLE
0x01B6	0x8A9D      	BSF         PIE1, 5 
;USARTTX.c,43 :: 		INTCON.PEIE = 1;     // peripheral intterrupt
0x01B8	0x8CF2      	BSF         INTCON, 6 
;USARTTX.c,44 :: 		PIR1.RCIF=0;         // RX FLAG BIT
0x01BA	0x9A9E      	BCF         PIR1, 5 
;USARTTX.c,45 :: 		RCSTA.CREN=1;
0x01BC	0x88AB      	BSF         RCSTA, 4 
;USARTTX.c,47 :: 		while (1)
L_main3:
;USARTTX.c,51 :: 		crc_data[0]=55;
0x01BE	0x0E37      	MOVLW       55
0x01C0	0x6E1A      	MOVWF       _crc_data 
;USARTTX.c,53 :: 		UART1_Write(crc_data[0]);
0x01C2	0x0E37      	MOVLW       55
0x01C4	0x6E41      	MOVWF       FARG_UART1_Write_data_ 
0x01C6	0xDFAF      	RCALL       _UART1_Write
;USARTTX.c,55 :: 		crc_data[1]='O';
0x01C8	0x0E4F      	MOVLW       79
0x01CA	0x6E1B      	MOVWF       _crc_data+1 
;USARTTX.c,57 :: 		UART1_Write(crc_data[1]);
0x01CC	0x0E4F      	MOVLW       79
0x01CE	0x6E41      	MOVWF       FARG_UART1_Write_data_ 
0x01D0	0xDFAA      	RCALL       _UART1_Write
;USARTTX.c,58 :: 		crc_data[2]='K';
0x01D2	0x0E4B      	MOVLW       75
0x01D4	0x6E1C      	MOVWF       _crc_data+2 
;USARTTX.c,60 :: 		UART1_Write(crc_data[2]);
0x01D6	0x0E4B      	MOVLW       75
0x01D8	0x6E41      	MOVWF       FARG_UART1_Write_data_ 
0x01DA	0xDFA5      	RCALL       _UART1_Write
;USARTTX.c,64 :: 		delay_ms(99);
0x01DC	0x0E02      	MOVLW       2
0x01DE	0x6E0B      	MOVWF       R11, 0
0x01E0	0x0E02      	MOVLW       2
0x01E2	0x6E0C      	MOVWF       R12, 0
0x01E4	0x0E21      	MOVLW       33
0x01E6	0x6E0D      	MOVWF       R13, 0
L_main5:
0x01E8	0x2E0D      	DECFSZ      R13, 1, 0
0x01EA	0xD7FE      	BRA         L_main5
0x01EC	0x2E0C      	DECFSZ      R12, 1, 0
0x01EE	0xD7FC      	BRA         L_main5
0x01F0	0x2E0B      	DECFSZ      R11, 1, 0
0x01F2	0xD7FA      	BRA         L_main5
;USARTTX.c,70 :: 		}
0x01F4	0xD7E4      	BRA         L_main3
;USARTTX.c,71 :: 		}
L_end_main:
0x01F6	0xD7FF      	BRA         $+0
; end of _main
0x0210	0xF01AEE10  	LFSR        1, 26
0x0214	0x0E17      	MOVLW       23
0x0216	0x6E00      	MOVWF       R0 
0x0218	0x0E01      	MOVLW       1
0x021A	0x6E01      	MOVWF       R1 
0x021C	0x0EF8      	MOVLW       248
0x021E	0x6EF6      	MOVWF       4086 
0x0220	0x0E01      	MOVLW       1
0x0222	0x6EF7      	MOVWF       TBLPTRH 
0x0224	0x0E00      	MOVLW       0
0x0226	0x6EF8      	MOVWF       TBLPTRU 
0x0228	0xF000EC9A  	CALL        308, 0
0x022C	0x0012      	RETURN      0
;USARTTX.c,0 :: ?ICS_crc_data
0x01F8	0x0000 ;?ICS_crc_data+0
0x01FA	0x0000 ;?ICS_crc_data+2
0x01FC	0x0000 ;?ICS_crc_data+4
0x01FE	0x0000 ;?ICS_crc_data+6
0x0200	0x0000 ;?ICS_crc_data+8
; end of ?ICS_crc_data
;USARTTX.c,0 :: ?ICS?lstr1_USARTTX
0x0202	0x4B4F ;?ICS?lstr1_USARTTX+0
0x0204	0x00 ;?ICS?lstr1_USARTTX+2
; end of ?ICS?lstr1_USARTTX
;USARTTX.c,0 :: ?ICS_gelen
0x0205	0x0000 ;?ICS_gelen+0
0x0207	0x0000 ;?ICS_gelen+2
0x0209	0x0000 ;?ICS_gelen+4
0x020B	0x0000 ;?ICS_gelen+6
0x020D	0x0000 ;?ICS_gelen+8
; end of ?ICS_gelen
Symbol List:
//** Routines locations **
//ADDRESS    SIZE    PROCEDURE
//----------------------------------------------
0x0008     [108]    _interrupt
0x0074      [10]    _UART1_Data_Ready
0x007E      [18]    _UART1_Read
0x0090     [150]    _UART1_Read_Text
0x0126      [14]    _UART1_Write
0x0134      [16]    ___CC2DW
0x0144      [86]    _UART1_Init
0x019A      [94]    _main
//** Variables locations ** 
//ADDRESS    SIZE    VARIABLE
//----------------------------------------------
0x0000       [1]    __Lib_SoftI2C_PutZerosToLATSda_temp_sda_L0
0x0000       [1]    SPI1_Write_tmp_L0
0x0000       [1]    __Lib_SoftI2C_PutZerosToLATScl_temp_scl_L0
0x0000       [1]    UART1_Init_tmp_L0
0x0000       [1]    FLASH_Erase_64_SaveINTCON_L0
0x0000       [1]    EEPROM_Write_SaveINTCON_L0
0x0000       [1]    R0
0x0001       [1]    __Lib_TFT_JPEG_FileReadBytes_Result_L0
0x0001       [1]    FLASH_Erase_Write_64_i_L0
0x0001       [1]    FLASH_Write_32_i_L0
0x0001       [1]    R1
0x0001       [1]    __Lib_TFT_16bit_JPEG_FileRead_i_L0
0x0001       [1]    __Lib_TFT_16bit_JPEG_FileReadBytes_Result_L0
0x0001       [2]    FLASH_Read_N_Bytes_i_L0
0x0001       [1]    UART1_Read___tmp_UART1_Read_L0
0x0001       [1]    __Lib_PS2_Wait_Falling_nsample_L0
0x0001       [1]    ispunct_rslt_L0
0x0001       [1]    __Lib_TFT_JPEG_FileRead_i_L0
0x0001       [1]    I2C1_Rd_tmp_L0
0x0001       [1]    __Lib_USB_genHID_?FLOC____Lib_USB_genHID_USB_Handle_BusyT1
0x0002       [2]    memcpy_dd_L0
0x0002       [1]    __Lib_USB_genHID_USB_CtrlTrf_Rx_Service_byteToRead_L0
0x0002       [1]    FLASH_Write_32_SaveINTCON_L0
0x0002       [2]    strlen_cp_L0
0x0002       [2]    memset_pp_L0
0x0002       [1]    FLASH_Erase_Write_64_j_L0
0x0002       [2]    memchr_s_L0
0x0002       [1]    R2
0x0003       [1]    __Lib_Sprinti_?FLOC____Lib_Sprinti_Do_FillT29
0x0003       [2]    Ltrim_original_L0
0x0003       [1]    __Lib_USB_genHID_USB_CtrlTrf_Rx_Service_i_L0
0x0003       [1]    R3
0x0003       [1]    MM_Init_i_L0
0x0003       [1]    FLASH_Erase_Write_64_SaveINTCON_L0
0x0003       [2]    MM_TotalFreeMemSize_Tot_L0
0x0003       [2]    __Lib_MmcFat16_f16_toInt_l_L0
0x0003       [2]    __Lib_USB_genHID_USB_CtrlTrf_Tx_Service_byteToSend_L0
0x0003       [2]    memmove_tt_L0
0x0004       [2]    strncat_cp_L0
0x0004       [2]    frexp_pom_L0
0x0004       [2]    __Lib_USB_genHID_USB_Transfer_Packet_handle_L0
0x0004       [2]    strcat_cp_L0
0x0004       [2]    strcpy_cp_L0
0x0004       [2]    strncpy_cp_L0
0x0004       [2]    memcpy_ss_L0
0x0004       [1]    __Lib_USB_genHID_GetMaxIndexInDevDsc_index_L0
0x0004       [2]    __Lib_USB_genHID_USB_Get_Status_Handler_p_L2
0x0004       [2]    __Lib_USB_genHID_USB_Std_Feature_Req_Handler_p_L0
0x0004       [1]    R4
0x0004       [1]    __Lib_Sprinti_?FLOC____Lib_Sprinti_Do_FillT40
0x0004       [2]    __Lib_MemManager_MM_GetMemAlign_P_L0
0x0005       [1]    MM_TotalFreeMemSize_i_L0
0x0005       [2]    __Lib_USB_genHID_USB_Configure_Endpoint_handle_L0
0x0005       [2]    memmove_ff_L0
0x0005       [2]    LongIntToHex_input_half_L0
0x0005       [1]    __Lib_Sprinti_?FLOC____Lib_Sprinti_Do_FillT54
0x0005       [1]    R5
0x0005       [2]    Ltrim_p_L0
0x0005       [2]    LongWordToHex_input_half_L0
0x0006       [2]    __Lib_USB_genHID_GetMaxIndexInConfigDsc_totalLen_L0
0x0006       [1]    R6
0x0006       [1]    __Lib_MemManager_MM_GetMemAlign_i_L0
0x0006       [1]    __Lib_Sprinti_?FLOC____Lib_Sprinti_Do_FillT69
0x0007       [1]    R7
0x0007       [1]    __Lib_TFT_16bit_JPEG_GenerateHuffmanTables_bLength_L0
0x0007       [1]    __Lib_TFT_JPEG_GenerateHuffmanTables_bLength_L0
0x0008       [1]    __Lib_TFT_JPEG_GenerateHuffmanTables_bTable_L0
0x0008       [3]    __Lib_USB_genHID_GetMaxIndexInConfigDsc_ptr_L0
0x0008       [1]    R8
0x0008       [1]    __Lib_TFT_16bit_JPEG_GenerateHuffmanTables_bTable_L0
0x0009       [4]    __Lib_MmcFat16_f16_toLong_l_L0
0x0009       [1]    R9
0x000A       [1]    R10
0x000B       [1]    R11
0x000C       [1]    R12
0x000D       [1]    R13
0x000E       [1]    R14
0x000F       [1]    R15
0x0010       [1]    R16
0x0011       [1]    R17
0x0012       [1]    R18
0x0013       [1]    R19
0x0014       [1]    R20
0x001A      [10]    _crc_data
0x0024       [3]    ?lstr1_USARTTX
0x0027      [10]    _gelen
0x0031       [4]    _UART_Rd_Ptr
0x0035       [4]    _UART_Wr_Ptr
0x0039       [4]    _UART_Rdy_Ptr
0x003D       [4]    _UART_Tx_Idle_Ptr
0x0041       [1]    FARG_UART1_Write_data_
0x0042       [2]    FARG_UART1_Read_Text_Output
0x0044       [2]    FARG_UART1_Read_Text_Delimiter
0x0046       [1]    FARG_UART1_Read_Text_Attempts
0x0047       [1]    UART1_Read_Text_r_data_L0
0x0048       [1]    UART1_Read_Text_out_idx_L0
0x0049       [1]    UART1_Read_Text_delim_idx_L0
0x0F81       [1]    PORTB
0x0F82       [1]    PORTC
0x0F93       [1]    TRISB
0x0F94       [0]    TRISC7_bit
0x0F94       [1]    TRISC
0x0F94       [0]    TRISC6_bit
0x0F9D       [1]    PIE1
0x0F9E       [1]    PIR1
0x0FAB       [1]    RCSTA
0x0FAC       [1]    TXSTA
0x0FAD       [1]    TXREG
0x0FAE       [1]    RCREG
0x0FAF       [1]    SPBRG
0x0FB0       [1]    SPBRGH
0x0FB8       [1]    BAUDCON
0x0FD8       [1]    STATUS
0x0FD9       [1]    FSR2L
0x0FDA       [1]    FSR2H
0x0FDE       [1]    POSTINC2
0x0FE0       [1]    BSR
0x0FE1       [1]    FSR1L
0x0FE2       [1]    FSR1H
0x0FE4       [1]    PREINC1
0x0FE6       [1]    POSTINC1
0x0FE7       [1]    INDF1
0x0FE8       [1]    WREG
0x0FE9       [1]    FSR0L
0x0FEA       [1]    FSR0H
0x0FEE       [1]    POSTINC0
0x0FF2       [1]    INTCON
0x0FF3       [1]    PRODL
0x0FF4       [1]    PRODH
0x0FF5       [1]    TABLAT
0x0FF6       [1]    TBLPTRL
0x0FF7       [1]    TBLPTRH
0x0FF8       [1]    TBLPTRU
//** Constants locations ** 
//ADDRESS    SIZE    CONSTANT
//----------------------------------------------
0x01F8      [10]    ?ICS_crc_data
0x0202       [3]    ?ICS?lstr1_USARTTX
0x0205      [10]    ?ICS_gelen
//** Label List: ** 
//----------------------------------------------
  L_interrupt0
  L_interrupt1
  L_interrupt2
  L_main3
  L_main4
  L_main5
  L_end_interrupt
  _interrupt
  L__interrupt7
  L_end_main
  _main
  _CC2D_Loop1
  _CC2DL_Loop1
  L_loopCA2AWs
  L_loopCCA2AWs
  L_loopCS2Ss
  L_CS2Send
  L_loopCCS2Ss
  L_CCS2Send
  L_loopFZinSWs
  L_longjmp7
  L_end___CC2D
  ___CC2D
  L_end___CC2DW
  ___CC2DW
  L_end___CA2AW
  ___CA2AW
  L_end___CCA2AW
  ___CCA2AW
  L_end___CS2S
  ___CS2S
  L_end___CCS2S
  ___CCS2S
  L_end___FZinS
  ___FZinS
  L_end_____DoIFC
  _____DoIFC
  L_end_Swap
  _Swap
  L_end_setjmp
  _setjmp
  L_end_longjmp
  _longjmp
  L_UART1_Init0
  L_UART1_Init1
  L_UART1_Read2
  L_UART1_Write3
  L_UART1_Write4
  L_UART1_Write_Text5
  L_UART1_Write_Text6
  L_UART1_Read_Text7
  L_UART1_Read_Text8
  L_UART1_Read_Text9
  L_UART1_Read_Text10
  L_UART1_Read_Text11
  L_UART1_Read_Text12
  L_UART1_Read_Text13
  L_UART1_Read_Text14
  L_UART1_Read_Text15
  L_UART_Write_Text16
  L_UART_Write_Text17
  L_UART_Read_Text18
  L_UART_Read_Text19
  L_UART_Read_Text20
  L_UART_Read_Text21
  L_UART_Read_Text22
  L_UART_Read_Text23
  L_UART_Read_Text24
  L_UART_Read_Text25
  L_UART_Read_Text26
  L_end_UART1_Init
  _UART1_Init
  L_end_UART1_Data_Ready
  _UART1_Data_Ready
  L_end_UART1_Read
  _UART1_Read
  L_end_UART1_Tx_Idle
  _UART1_Tx_Idle
  L_end_UART1_Write
  _UART1_Write
  L_end_UART1_Write_Text
  _UART1_Write_Text
  L_end_UART1_Read_Text
  _UART1_Read_Text
  L_end_UART_Set_Active
  _UART_Set_Active
  L_end_UART_Write
  _UART_Write
  L_end_UART_Write_Text
  _UART_Write_Text
  L_end_UART_Read
  _UART_Read
  L_end_UART_Data_Ready
  _UART_Data_Ready
  L_end_UART_Read_Text
  _UART_Read_Text
  L_end_UART_Tx_Idle
  _UART_Tx_Idle
  L_interrupt0
  L_interrupt1
  L_interrupt2
  L_main3
  L_main4
  L_main5
  L_end_interrupt
  _interrupt
  L__interrupt7
  L_end_main
  _main
  L_UART1_Init0
  L_UART1_Init1
  L_UART1_Read2
  L_UART1_Write3
  L_UART1_Write4
  L_UART1_Write_Text5
  L_UART1_Write_Text6
  L_UART1_Read_Text7
  L_UART1_Read_Text8
  L_UART1_Read_Text9
  L_UART1_Read_Text10
  L_UART1_Read_Text11
  L_UART1_Read_Text12
  L_UART1_Read_Text13
  L_UART1_Read_Text14
  L_UART1_Read_Text15
  L_UART_Write_Text16
  L_UART_Write_Text17
  L_UART_Read_Text18
  L_UART_Read_Text19
  L_UART_Read_Text20
  L_UART_Read_Text21
  L_UART_Read_Text22
  L_UART_Read_Text23
  L_UART_Read_Text24
  L_UART_Read_Text25
  L_UART_Read_Text26
  L_end_UART1_Init
  _UART1_Init
  L_end_UART1_Data_Ready
  _UART1_Data_Ready
  L_end_UART1_Read
  _UART1_Read
  L_end_UART1_Tx_Idle
  _UART1_Tx_Idle
  L_end_UART1_Write
  _UART1_Write
  L_end_UART1_Write_Text
  _UART1_Write_Text
  L_end_UART1_Read_Text
  _UART1_Read_Text
  L_end_UART_Set_Active
  _UART_Set_Active
  L_end_UART_Write
  _UART_Write
  L_end_UART_Write_Text
  _UART_Write_Text
  L_end_UART_Read
  _UART_Read
  L_end_UART_Data_Ready
  _UART_Data_Ready
  L_end_UART_Read_Text
  _UART_Read_Text
  L_end_UART_Tx_Idle
  _UART_Tx_Idle
