;  LST file generated by mikroListExporter - v.2.0 
; Date/Time: 18.05.2018 08:02:49
;----------------------------------------------

;Address Opcode 	ASM
0x0000	0xF002EF72  	GOTO        1252
_interrupt:
;GPS.c,25 :: 		void interrupt() {
0x0008	0xF017C000  	MOVFF       R0, 23
0x000C	0xF016C001  	MOVFF       R1, 22
0x0010	0xF015C002  	MOVFF       R2, 21
;GPS.c,26 :: 		if (RCIF_bit == 1) {             // If interrupt is generated by RCIF
0x0014	0xAA9E      	BTFSS       RCIF_bit, BitPos(RCIF_bit+0) 
0x0016	0xD01C      	BRA         L_interrupt0
;GPS.c,27 :: 		txt[i] = UART_Read();         // Read data and store it to txrt string
0x0018	0x0E5D      	MOVLW       _txt
0x001A	0x0103      	MOVLB       3
0x001C	0x255E      	ADDWF       _i, 0, 1
0x001E	0x6F6B      	MOVWF       FLOC__interrupt, 1
0x0020	0x0E00      	MOVLW       hi_addr(_txt)
0x0022	0x215F      	ADDWFC      _i+1, 0, 1
0x0024	0x6F6C      	MOVWF       FLOC__interrupt+1, 1
0x0026	0xD9EF      	RCALL       _UART_Read
0x0028	0xFFE1C36B  	MOVFF       FLOC__interrupt, FSR1L
0x002C	0xFFE2C36C  	MOVFF       FLOC__interrupt+1, FSR1H
0x0030	0xFFE6C000  	MOVFF       R0, POSTINC1
;GPS.c,28 :: 		i++;                           // Increment string index
0x0034	0x0103      	MOVLB       3
0x0036	0x4B5E      	INFSNZ      _i, 1, 1
0x0038	0x2B5F      	INCF        _i+1, 1, 1
;GPS.c,29 :: 		if (i == 768) {                // If index = 768,
0x003A	0x515F      	MOVF        _i+1, 0, 1
0x003C	0x0A03      	XORLW       3
0x003E	0xE102      	BNZ         L__interrupt9
0x0040	0x0E00      	MOVLW       0
0x0042	0x195E      	XORWF       _i, 0, 1
L__interrupt9:
0x0044	0xE104      	BNZ         L_interrupt1
;GPS.c,30 :: 		i = 0;                       //   set it to zero
0x0046	0x6B5E      	CLRF        _i, 1
0x0048	0x6B5F      	CLRF        _i+1, 1
;GPS.c,31 :: 		ready = 1;                     // Ready for parsing GPS data
0x004A	0x0E01      	MOVLW       1
0x004C	0x6F5D      	MOVWF       _ready, 1
;GPS.c,32 :: 		}
L_interrupt1:
;GPS.c,33 :: 		RCIF_bit = 0;                    // Set RCIF to 0 register for uart interrupt
0x004E	0x9A9E      	BCF         RCIF_bit, BitPos(RCIF_bit+0) 
;GPS.c,34 :: 		}
L_interrupt0:
;GPS.c,35 :: 		}
L_end_interrupt:
L__interrupt8:
0x0050	0xF000C017  	MOVFF       23, R0
0x0054	0xF001C016  	MOVFF       22, R1
0x0058	0xF002C015  	MOVFF       21, R2
0x005C	0x0011      	RETFIE      1
; end of _interrupt
_UART1_Write:
;__Lib_UART_c67.c,58 :: 		
;__Lib_UART_c67.c,59 :: 		
L_UART1_Write3:
0x005E	0xB2AC      	BTFSC       TXSTA, 1 
0x0060	0xD002      	BRA         L_UART1_Write4
;__Lib_UART_c67.c,60 :: 		
0x0062	0x0000      	NOP
0x0064	0xD7FC      	BRA         L_UART1_Write3
L_UART1_Write4:
;__Lib_UART_c67.c,61 :: 		
0x0066	0xFFADC373  	MOVFF       FARG_UART1_Write_data_, TXREG
;__Lib_UART_c67.c,62 :: 		
L_end_UART1_Write:
0x006A	0x0012      	RETURN      0
; end of _UART1_Write
_Delay_5500us:
;__Lib_Delays.c,31 :: 		void Delay_5500us() {
;__Lib_Delays.c,32 :: 		Delay_us(5500);
0x006C	0x0E24      	MOVLW       36
0x006E	0x6E0C      	MOVWF       R12, 0
0x0070	0x0EB5      	MOVLW       181
0x0072	0x6E0D      	MOVWF       R13, 0
L_Delay_5500us5:
0x0074	0x2E0D      	DECFSZ      R13, 1, 0
0x0076	0xD7FE      	BRA         L_Delay_5500us5
0x0078	0x2E0C      	DECFSZ      R12, 1, 0
0x007A	0xD7FC      	BRA         L_Delay_5500us5
0x007C	0x0000      	NOP
0x007E	0x0000      	NOP
;__Lib_Delays.c,33 :: 		}
L_end_Delay_5500us:
0x0080	0x0012      	RETURN      0
; end of _Delay_5500us
_Delay_1us:
;__Lib_Delays.c,7 :: 		void Delay_1us() {
;__Lib_Delays.c,8 :: 		Delay_us(1);
0x0082	0x0000      	NOP
0x0084	0x0000      	NOP
0x0086	0x0000      	NOP
0x0088	0x0000      	NOP
0x008A	0x0000      	NOP
;__Lib_Delays.c,9 :: 		}
L_end_Delay_1us:
0x008C	0x0012      	RETURN      0
; end of _Delay_1us
_Delay_50us:
;__Lib_Delays.c,19 :: 		void Delay_50us() {
;__Lib_Delays.c,20 :: 		Delay_us(50);
0x008E	0x0E53      	MOVLW       83
0x0090	0x6E0D      	MOVWF       R13, 0
L_Delay_50us2:
0x0092	0x2E0D      	DECFSZ      R13, 1, 0
0x0094	0xD7FE      	BRA         L_Delay_50us2
;__Lib_Delays.c,21 :: 		}
L_end_Delay_50us:
0x0096	0x0012      	RETURN      0
; end of _Delay_50us
_I2C1_Is_Idle:
;__Lib_I2C_c34.c,31 :: 		
;__Lib_I2C_c34.c,32 :: 		
0x0098	0xB4C7      	BTFSC       SSPSTAT, 2 
0x009A	0xD009      	BRA         L_I2C1_Is_Idle0
;__Lib_I2C_c34.c,33 :: 		
0x009C	0x0E1F      	MOVLW       31
0x009E	0x14C5      	ANDWF       SSPCON2, 0 
0x00A0	0x6E01      	MOVWF       R1 
0x00A2	0x5001      	MOVF        R1, 0 
0x00A4	0x0A00      	XORLW       0
0x00A6	0xE103      	BNZ         L_I2C1_Is_Idle1
;__Lib_I2C_c34.c,34 :: 		
0x00A8	0x0E01      	MOVLW       1
0x00AA	0x6E00      	MOVWF       R0 
0x00AC	0xD001      	BRA         L_end_I2C1_Is_Idle
L_I2C1_Is_Idle1:
L_I2C1_Is_Idle0:
;__Lib_I2C_c34.c,35 :: 		
0x00AE	0x6A00      	CLRF        R0 
;__Lib_I2C_c34.c,36 :: 		
L_end_I2C1_Is_Idle:
0x00B0	0x0012      	RETURN      0
; end of _I2C1_Is_Idle
_____DoIFC:
;__Lib_System.c,93 :: 		
;__Lib_System.c,94 :: 		
0x00B2	0x50F2      	MOVF        INTCON, 0, 0
;__Lib_System.c,95 :: 		
0x00B4	0x6E02      	MOVWF       R2, 0
;__Lib_System.c,96 :: 		
0x00B6	0x9EF2      	BCF         INTCON, 7 
;__Lib_System.c,97 :: 		
0x00B8	0x0005      	PUSH
;__Lib_System.c,98 :: 		
0x00BA	0x6AFF      	CLRF        TOSU, 0
;__Lib_System.c,99 :: 		
0x00BC	0x5001      	MOVF        R1, 0, 0
;__Lib_System.c,100 :: 		
0x00BE	0x6EFE      	MOVWF       TOSH, 0
;__Lib_System.c,101 :: 		
0x00C0	0x5000      	MOVF        R0, 0, 0
;__Lib_System.c,102 :: 		
0x00C2	0x6EFD      	MOVWF       TOSL, 0
;__Lib_System.c,103 :: 		
0x00C4	0xBE02      	BTFSC       R2, 7, 0
;__Lib_System.c,104 :: 		
0x00C6	0x8EF2      	BSF         INTCON, 7, 0
;__Lib_System.c,105 :: 		
;__Lib_System.c,107 :: 		
L_end_____DoIFC:
0x00C8	0x0012      	RETURN      0
; end of _____DoIFC
_I2C1_Start:
;__Lib_I2C_c34.c,38 :: 		
;__Lib_I2C_c34.c,42 :: 		
0x00CA	0xF36FC018  	MOVFF       __Lib_I2C_c34__I2C1_TIMEOUT, I2C1_Start_timeout_L0
0x00CE	0xF370C019  	MOVFF       __Lib_I2C_c34__I2C1_TIMEOUT+1, I2C1_Start_timeout_L0+1
0x00D2	0xF371C01A  	MOVFF       __Lib_I2C_c34__I2C1_TIMEOUT+2, I2C1_Start_timeout_L0+2
0x00D6	0xF372C01B  	MOVFF       __Lib_I2C_c34__I2C1_TIMEOUT+3, I2C1_Start_timeout_L0+3
;__Lib_I2C_c34.c,44 :: 		
0x00DA	0x0103      	MOVLB       3
0x00DC	0x6B6D      	CLRF        I2C1_Start_j_L0, 1
0x00DE	0x6B6E      	CLRF        I2C1_Start_j_L0+1, 1
L_I2C1_Start2:
0x00E0	0x516E      	MOVF        I2C1_Start_j_L0+1, 0, 1
0x00E2	0x0812      	SUBLW       18
0x00E4	0xE102      	BNZ         L__I2C1_Start39
0x00E6	0x516D      	MOVF        I2C1_Start_j_L0, 0, 1
0x00E8	0x088E      	SUBLW       142
L__I2C1_Start39:
0x00EA	0xE308      	BNC         L_I2C1_Start3
;__Lib_I2C_c34.c,45 :: 		
0x00EC	0xDFD5      	RCALL       _I2C1_Is_Idle
0x00EE	0x5200      	MOVF        R0, 1 
0x00F0	0xE001      	BZ          L_I2C1_Start5
;__Lib_I2C_c34.c,46 :: 		
0x00F2	0xD004      	BRA         L_I2C1_Start3
L_I2C1_Start5:
;__Lib_I2C_c34.c,44 :: 		
0x00F4	0x0103      	MOVLB       3
0x00F6	0x4B6D      	INFSNZ      I2C1_Start_j_L0, 1, 1
0x00F8	0x2B6E      	INCF        I2C1_Start_j_L0+1, 1, 1
;__Lib_I2C_c34.c,47 :: 		
0x00FA	0xD7F2      	BRA         L_I2C1_Start2
L_I2C1_Start3:
0x00FC	0x0103      	MOVLB       3
;__Lib_I2C_c34.c,49 :: 		
0x00FE	0x0E12      	MOVLW       18
0x0100	0x5D6E      	SUBWF       I2C1_Start_j_L0+1, 0, 1
0x0102	0xE102      	BNZ         L__I2C1_Start40
0x0104	0x0E8F      	MOVLW       143
0x0106	0x5D6D      	SUBWF       I2C1_Start_j_L0, 0, 1
L__I2C1_Start40:
0x0108	0xE303      	BNC         L_I2C1_Start6
;__Lib_I2C_c34.c,50 :: 		
0x010A	0x0E7B      	MOVLW       123
0x010C	0x6E00      	MOVWF       R0 
0x010E	0xD024      	BRA         L_end_I2C1_Start
L_I2C1_Start6:
;__Lib_I2C_c34.c,52 :: 		
0x0110	0x80C5      	BSF         SSPCON2, 0 
;__Lib_I2C_c34.c,53 :: 		
L_I2C1_Start8:
0x0112	0xA0C5      	BTFSS       SSPCON2, 0 
0x0114	0xD020      	BRA         L_I2C1_Start9
;__Lib_I2C_c34.c,55 :: 		
0x0116	0x5018      	MOVF        __Lib_I2C_c34__I2C1_TIMEOUT, 0 
0x0118	0x1019      	IORWF       __Lib_I2C_c34__I2C1_TIMEOUT+1, 0 
0x011A	0x101A      	IORWF       __Lib_I2C_c34__I2C1_TIMEOUT+2, 0 
0x011C	0x101B      	IORWF       __Lib_I2C_c34__I2C1_TIMEOUT+3, 0 
0x011E	0xE01A      	BZ          L_I2C1_Start10
;__Lib_I2C_c34.c,57 :: 		
0x0120	0x516F      	MOVF        I2C1_Start_timeout_L0, 0, 1
0x0122	0x1170      	IORWF       I2C1_Start_timeout_L0+1, 0, 1
0x0124	0x1171      	IORWF       I2C1_Start_timeout_L0+2, 0, 1
0x0126	0x1172      	IORWF       I2C1_Start_timeout_L0+3, 0, 1
0x0128	0xE10E      	BNZ         L_I2C1_Start11
;__Lib_I2C_c34.c,59 :: 		
0x012A	0xFFE1C048  	MOVFF       _I2C1_Timeout_Ptr+2, FSR1L
0x012E	0xFFE2C049  	MOVFF       _I2C1_Timeout_Ptr+3, FSR1H
0x0132	0x0E05      	MOVLW       5
0x0134	0x6EE6      	MOVWF       POSTINC1 
0x0136	0xF000C046  	MOVFF       _I2C1_Timeout_Ptr, R0
0x013A	0xF001C047  	MOVFF       _I2C1_Timeout_Ptr+1, R1
0x013E	0xDFB9      	RCALL       _____DoIFC
;__Lib_I2C_c34.c,60 :: 		
0x0140	0x0E01      	MOVLW       1
0x0142	0x6E00      	MOVWF       R0 
0x0144	0xD009      	BRA         L_end_I2C1_Start
;__Lib_I2C_c34.c,61 :: 		
L_I2C1_Start11:
;__Lib_I2C_c34.c,62 :: 		
0x0146	0x0E01      	MOVLW       1
0x0148	0x0103      	MOVLB       3
0x014A	0x5F6F      	SUBWF       I2C1_Start_timeout_L0, 1, 1
0x014C	0x0E00      	MOVLW       0
0x014E	0x5B70      	SUBWFB      I2C1_Start_timeout_L0+1, 1, 1
0x0150	0x5B71      	SUBWFB      I2C1_Start_timeout_L0+2, 1, 1
0x0152	0x5B72      	SUBWFB      I2C1_Start_timeout_L0+3, 1, 1
;__Lib_I2C_c34.c,63 :: 		
L_I2C1_Start10:
;__Lib_I2C_c34.c,64 :: 		
0x0154	0xD7DE      	BRA         L_I2C1_Start8
L_I2C1_Start9:
;__Lib_I2C_c34.c,65 :: 		
0x0156	0x6A00      	CLRF        R0 
;__Lib_I2C_c34.c,67 :: 		
L_end_I2C1_Start:
0x0158	0x0012      	RETURN      0
; end of _I2C1_Start
_UART1_Read:
;__Lib_UART_c67.c,39 :: 		
;__Lib_UART_c67.c,42 :: 		
0x015A	0xF001CFAE  	MOVFF       RCREG, R1
;__Lib_UART_c67.c,43 :: 		
0x015E	0xA2AB      	BTFSS       RCSTA, 1 
0x0160	0xD002      	BRA         L_UART1_Read2
;__Lib_UART_c67.c,44 :: 		
0x0162	0x98AB      	BCF         RCSTA, 4 
;__Lib_UART_c67.c,45 :: 		
0x0164	0x88AB      	BSF         RCSTA, 4 
;__Lib_UART_c67.c,46 :: 		
L_UART1_Read2:
;__Lib_UART_c67.c,47 :: 		
0x0166	0xF000C001  	MOVFF       R1, R0
;__Lib_UART_c67.c,48 :: 		
L_end_UART1_Read:
0x016A	0x0012      	RETURN      0
; end of _UART1_Read
_UART1_Data_Ready:
;__Lib_UART_c67.c,34 :: 		
;__Lib_UART_c67.c,35 :: 		
0x016C	0x0E00      	MOVLW       0
0x016E	0xBA9E      	BTFSC       PIR1, 5 
0x0170	0x0E01      	MOVLW       1
0x0172	0x6E00      	MOVWF       R0 
;__Lib_UART_c67.c,36 :: 		
L_end_UART1_Data_Ready:
0x0174	0x0012      	RETURN      0
; end of _UART1_Data_Ready
_UART1_Tx_Idle:
;__Lib_UART_c67.c,52 :: 		
;__Lib_UART_c67.c,53 :: 		
0x0176	0x0E00      	MOVLW       0
0x0178	0xB2AC      	BTFSC       TXSTA, 1 
0x017A	0x0E01      	MOVLW       1
0x017C	0x6E00      	MOVWF       R0 
;__Lib_UART_c67.c,54 :: 		
L_end_UART1_Tx_Idle:
0x017E	0x0012      	RETURN      0
; end of _UART1_Tx_Idle
_Lcd_Cmd:
;__Lib_Lcd.c,18 :: 		
;__Lib_Lcd.c,20 :: 		
0x0180	0x0103      	MOVLB       3
0x0182	0xBF6A      	BTFSC       FARG_Lcd_Cmd_out_char, 7, 1
0x0184	0xD002      	BRA         L__Lcd_Cmd21
0x0186	0x9A81      	BCF         LCD_D7, BitPos(LCD_D7+0) 
0x0188	0xD001      	BRA         L__Lcd_Cmd22
L__Lcd_Cmd21:
0x018A	0x8A81      	BSF         LCD_D7, BitPos(LCD_D7+0) 
L__Lcd_Cmd22:
;__Lib_Lcd.c,21 :: 		
0x018C	0xBD6A      	BTFSC       FARG_Lcd_Cmd_out_char, 6, 1
0x018E	0xD002      	BRA         L__Lcd_Cmd23
0x0190	0x9881      	BCF         LCD_D6, BitPos(LCD_D6+0) 
0x0192	0xD001      	BRA         L__Lcd_Cmd24
L__Lcd_Cmd23:
0x0194	0x8881      	BSF         LCD_D6, BitPos(LCD_D6+0) 
L__Lcd_Cmd24:
;__Lib_Lcd.c,22 :: 		
0x0196	0xBB6A      	BTFSC       FARG_Lcd_Cmd_out_char, 5, 1
0x0198	0xD002      	BRA         L__Lcd_Cmd25
0x019A	0x9681      	BCF         LCD_D5, BitPos(LCD_D5+0) 
0x019C	0xD001      	BRA         L__Lcd_Cmd26
L__Lcd_Cmd25:
0x019E	0x8681      	BSF         LCD_D5, BitPos(LCD_D5+0) 
L__Lcd_Cmd26:
;__Lib_Lcd.c,23 :: 		
0x01A0	0xB96A      	BTFSC       FARG_Lcd_Cmd_out_char, 4, 1
0x01A2	0xD002      	BRA         L__Lcd_Cmd27
0x01A4	0x9481      	BCF         LCD_D4, BitPos(LCD_D4+0) 
0x01A6	0xD001      	BRA         L__Lcd_Cmd28
L__Lcd_Cmd27:
0x01A8	0x8481      	BSF         LCD_D4, BitPos(LCD_D4+0) 
L__Lcd_Cmd28:
;__Lib_Lcd.c,25 :: 		
0x01AA	0xB04A      	BTFSC       __Lib_Lcd_cmd_status, BitPos(__Lib_Lcd_cmd_status+0) 
0x01AC	0xD002      	BRA         L__Lcd_Cmd29
0x01AE	0x8081      	BSF         LCD_RS, BitPos(LCD_RS+0) 
0x01B0	0xD001      	BRA         L__Lcd_Cmd30
L__Lcd_Cmd29:
0x01B2	0x9081      	BCF         LCD_RS, BitPos(LCD_RS+0) 
L__Lcd_Cmd30:
;__Lib_Lcd.c,28 :: 		
0x01B4	0x8281      	BSF         LCD_EN, BitPos(LCD_EN+0) 
;__Lib_Lcd.c,29 :: 		
0x01B6	0xDF65      	RCALL       _Delay_1us
;__Lib_Lcd.c,30 :: 		
0x01B8	0x9281      	BCF         LCD_EN, BitPos(LCD_EN+0) 
;__Lib_Lcd.c,33 :: 		
0x01BA	0xB76A      	BTFSC       FARG_Lcd_Cmd_out_char, 3, 1
0x01BC	0xD002      	BRA         L__Lcd_Cmd31
0x01BE	0x9A81      	BCF         LCD_D7, BitPos(LCD_D7+0) 
0x01C0	0xD001      	BRA         L__Lcd_Cmd32
L__Lcd_Cmd31:
0x01C2	0x8A81      	BSF         LCD_D7, BitPos(LCD_D7+0) 
L__Lcd_Cmd32:
;__Lib_Lcd.c,34 :: 		
0x01C4	0xB56A      	BTFSC       FARG_Lcd_Cmd_out_char, 2, 1
0x01C6	0xD002      	BRA         L__Lcd_Cmd33
0x01C8	0x9881      	BCF         LCD_D6, BitPos(LCD_D6+0) 
0x01CA	0xD001      	BRA         L__Lcd_Cmd34
L__Lcd_Cmd33:
0x01CC	0x8881      	BSF         LCD_D6, BitPos(LCD_D6+0) 
L__Lcd_Cmd34:
;__Lib_Lcd.c,35 :: 		
0x01CE	0xB36A      	BTFSC       FARG_Lcd_Cmd_out_char, 1, 1
0x01D0	0xD002      	BRA         L__Lcd_Cmd35
0x01D2	0x9681      	BCF         LCD_D5, BitPos(LCD_D5+0) 
0x01D4	0xD001      	BRA         L__Lcd_Cmd36
L__Lcd_Cmd35:
0x01D6	0x8681      	BSF         LCD_D5, BitPos(LCD_D5+0) 
L__Lcd_Cmd36:
;__Lib_Lcd.c,36 :: 		
0x01D8	0xB16A      	BTFSC       FARG_Lcd_Cmd_out_char, 0, 1
0x01DA	0xD002      	BRA         L__Lcd_Cmd37
0x01DC	0x9481      	BCF         LCD_D4, BitPos(LCD_D4+0) 
0x01DE	0xD001      	BRA         L__Lcd_Cmd38
L__Lcd_Cmd37:
0x01E0	0x8481      	BSF         LCD_D4, BitPos(LCD_D4+0) 
L__Lcd_Cmd38:
;__Lib_Lcd.c,38 :: 		
0x01E2	0xB04A      	BTFSC       __Lib_Lcd_cmd_status, BitPos(__Lib_Lcd_cmd_status+0) 
0x01E4	0xD002      	BRA         L__Lcd_Cmd39
0x01E6	0x8081      	BSF         LCD_RS, BitPos(LCD_RS+0) 
0x01E8	0xD001      	BRA         L__Lcd_Cmd40
L__Lcd_Cmd39:
0x01EA	0x9081      	BCF         LCD_RS, BitPos(LCD_RS+0) 
L__Lcd_Cmd40:
;__Lib_Lcd.c,40 :: 		
0x01EC	0x8281      	BSF         LCD_EN, BitPos(LCD_EN+0) 
;__Lib_Lcd.c,41 :: 		
0x01EE	0xDF49      	RCALL       _Delay_1us
;__Lib_Lcd.c,42 :: 		
0x01F0	0x9281      	BCF         LCD_EN, BitPos(LCD_EN+0) 
;__Lib_Lcd.c,44 :: 		
0x01F2	0xA04A      	BTFSS       __Lib_Lcd_cmd_status, BitPos(__Lib_Lcd_cmd_status+0) 
0x01F4	0xD002      	BRA         L_Lcd_Cmd0
;__Lib_Lcd.c,45 :: 		
0x01F6	0xDF3A      	RCALL       _Delay_5500us
0x01F8	0xD001      	BRA         L_Lcd_Cmd1
L_Lcd_Cmd0:
;__Lib_Lcd.c,47 :: 		
0x01FA	0xDF49      	RCALL       _Delay_50us
L_Lcd_Cmd1:
;__Lib_Lcd.c,48 :: 		
L_end_Lcd_Cmd:
0x01FC	0x0012      	RETURN      0
; end of _Lcd_Cmd
_strchr:
;__Lib_CString.c,102 :: 		
;__Lib_CString.c,103 :: 		
L_strchr26:
;__Lib_CString.c,104 :: 		
0x01FE	0xFFE9C365  	MOVFF       FARG_strchr_ptr, FSR0L
0x0202	0xFFEAC366  	MOVFF       FARG_strchr_ptr+1, FSR0H
0x0206	0x50EE      	MOVF        POSTINC0, 0 
0x0208	0x0103      	MOVLB       3
0x020A	0x1967      	XORWF       FARG_strchr_chr, 0, 1
0x020C	0xE105      	BNZ         L_strchr29
;__Lib_CString.c,105 :: 		
0x020E	0xF000C365  	MOVFF       FARG_strchr_ptr, R0
0x0212	0xF001C366  	MOVFF       FARG_strchr_ptr+1, R1
0x0216	0xD010      	BRA         L_end_strchr
L_strchr29:
;__Lib_CString.c,106 :: 		
0x0218	0xF000C365  	MOVFF       FARG_strchr_ptr, R0
0x021C	0xF001C366  	MOVFF       FARG_strchr_ptr+1, R1
0x0220	0x4B65      	INFSNZ      FARG_strchr_ptr, 1, 1
0x0222	0x2B66      	INCF        FARG_strchr_ptr+1, 1, 1
0x0224	0xFFE9C000  	MOVFF       R0, FSR0L
0x0228	0xFFEAC001  	MOVFF       R1, FSR0H
0x022C	0xF000CFEE  	MOVFF       POSTINC0, R0
0x0230	0x5200      	MOVF        R0, 1 
0x0232	0xE1E5      	BNZ         L_strchr26
;__Lib_CString.c,108 :: 		
0x0234	0x6A00      	CLRF        R0 
0x0236	0x6A01      	CLRF        R1 
;__Lib_CString.c,109 :: 		
L_end_strchr:
0x0238	0x0012      	RETURN      0
; end of _strchr
_Lcd_Chr_CP:
;__Lib_Lcd.c,50 :: 		
;__Lib_Lcd.c,52 :: 		
0x023A	0x904A      	BCF         __Lib_Lcd_cmd_status, BitPos(__Lib_Lcd_cmd_status+0) 
;__Lib_Lcd.c,53 :: 		
0x023C	0xF36AC365  	MOVFF       FARG_Lcd_Chr_CP_out_char, FARG_Lcd_Cmd_out_char
0x0240	0xDF9F      	RCALL       _Lcd_Cmd
;__Lib_Lcd.c,54 :: 		
0x0242	0x804A      	BSF         __Lib_Lcd_cmd_status, BitPos(__Lib_Lcd_cmd_status+0) 
;__Lib_Lcd.c,55 :: 		
L_end_Lcd_Chr_CP:
0x0244	0x0012      	RETURN      0
; end of _Lcd_Chr_CP
_strncmp:
;__Lib_CString.c,219 :: 		
;__Lib_CString.c,221 :: 		
L_strncmp58:
0x0246	0xF000C369  	MOVFF       FARG_strncmp_len, R0
0x024A	0x0103      	MOVLB       3
0x024C	0x0769      	DECF        FARG_strncmp_len, 1, 1
0x024E	0x5200      	MOVF        R0, 1 
0x0250	0xE028      	BZ          L_strncmp59
;__Lib_CString.c,222 :: 		
0x0252	0xFFE9C365  	MOVFF       FARG_strncmp_s1, FSR0L
0x0256	0xFFEAC366  	MOVFF       FARG_strncmp_s1+1, FSR0H
0x025A	0x50EE      	MOVF        POSTINC0, 0 
0x025C	0x0A00      	XORLW       0
0x025E	0xE00C      	BZ          L__strncmp86
0x0260	0xFFE9C365  	MOVFF       FARG_strncmp_s1, FSR0L
0x0264	0xFFEAC366  	MOVFF       FARG_strncmp_s1+1, FSR0H
0x0268	0xFFD9C367  	MOVFF       FARG_strncmp_s2, FSR2L
0x026C	0xFFDAC368  	MOVFF       FARG_strncmp_s2+1, FSR2H
0x0270	0x50EE      	MOVF        POSTINC0, 0 
0x0272	0x18DE      	XORWF       POSTINC2, 0 
0x0274	0xE101      	BNZ         L__strncmp86
0x0276	0xD00F      	BRA         L_strncmp62
L__strncmp86:
;__Lib_CString.c,223 :: 		
0x0278	0xFFE9C365  	MOVFF       FARG_strncmp_s1, FSR0L
0x027C	0xFFEAC366  	MOVFF       FARG_strncmp_s1+1, FSR0H
0x0280	0xFFD9C367  	MOVFF       FARG_strncmp_s2, FSR2L
0x0284	0xFFDAC368  	MOVFF       FARG_strncmp_s2+1, FSR2H
0x0288	0x50DE      	MOVF        POSTINC2, 0 
0x028A	0x5CEE      	SUBWF       POSTINC0, 0 
0x028C	0x6E00      	MOVWF       R0 
0x028E	0x6A01      	CLRF        R1 
0x0290	0x0E00      	MOVLW       0
0x0292	0x5A01      	SUBWFB      R1, 1 
0x0294	0xD008      	BRA         L_end_strncmp
L_strncmp62:
0x0296	0x0103      	MOVLB       3
;__Lib_CString.c,224 :: 		
0x0298	0x4B65      	INFSNZ      FARG_strncmp_s1, 1, 1
0x029A	0x2B66      	INCF        FARG_strncmp_s1+1, 1, 1
;__Lib_CString.c,225 :: 		
0x029C	0x4B67      	INFSNZ      FARG_strncmp_s2, 1, 1
0x029E	0x2B68      	INCF        FARG_strncmp_s2+1, 1, 1
;__Lib_CString.c,226 :: 		
0x02A0	0xD7D2      	BRA         L_strncmp58
L_strncmp59:
;__Lib_CString.c,227 :: 		
0x02A2	0x6A00      	CLRF        R0 
0x02A4	0x6A01      	CLRF        R1 
;__Lib_CString.c,228 :: 		
L_end_strncmp:
0x02A6	0x0012      	RETURN      0
; end of _strncmp
_strlen:
;__Lib_CString.c,136 :: 		
;__Lib_CString.c,139 :: 		
0x02A8	0xF002C365  	MOVFF       FARG_strlen_s, R2
0x02AC	0xF003C366  	MOVFF       FARG_strlen_s+1, R3
;__Lib_CString.c,140 :: 		
L_strlen36:
0x02B0	0xF000C002  	MOVFF       R2, R0
0x02B4	0xF001C003  	MOVFF       R3, R1
0x02B8	0x4A02      	INFSNZ      R2, 1 
0x02BA	0x2A03      	INCF        R3, 1 
0x02BC	0xFFE9C000  	MOVFF       R0, FSR0L
0x02C0	0xFFEAC001  	MOVFF       R1, FSR0H
0x02C4	0x52EE      	MOVF        POSTINC0, 1 
0x02C6	0xE001      	BZ          L_strlen37
;__Lib_CString.c,141 :: 		
0x02C8	0xD7F3      	BRA         L_strlen36
L_strlen37:
;__Lib_CString.c,142 :: 		
0x02CA	0x0103      	MOVLB       3
0x02CC	0x5165      	MOVF        FARG_strlen_s, 0, 1
0x02CE	0x5C02      	SUBWF       R2, 0 
0x02D0	0x6E00      	MOVWF       R0 
0x02D2	0x5166      	MOVF        FARG_strlen_s+1, 0, 1
0x02D4	0x5803      	SUBWFB      R3, 0 
0x02D6	0x6E01      	MOVWF       R1 
0x02D8	0x0E01      	MOVLW       1
0x02DA	0x5E00      	SUBWF       R0, 1 
0x02DC	0x0E00      	MOVLW       0
0x02DE	0x5A01      	SUBWFB      R1, 1 
;__Lib_CString.c,143 :: 		
L_end_strlen:
0x02E0	0x0012      	RETURN      0
; end of _strlen
_Lcd_Out:
;__Lib_Lcd.c,184 :: 		
;__Lib_Lcd.c,187 :: 		
0x02E2	0xD010      	BRA         L_Lcd_Out11
;__Lib_Lcd.c,188 :: 		
L_Lcd_Out13:
0x02E4	0x0E80      	MOVLW       128
0x02E6	0x0103      	MOVLB       3
0x02E8	0x6F60      	MOVWF       FARG_Lcd_Out_row, 1
0x02EA	0xD01A      	BRA         L_Lcd_Out12
;__Lib_Lcd.c,189 :: 		
L_Lcd_Out14:
0x02EC	0x0EC0      	MOVLW       192
0x02EE	0x6F60      	MOVWF       FARG_Lcd_Out_row, 1
0x02F0	0xD017      	BRA         L_Lcd_Out12
;__Lib_Lcd.c,190 :: 		
L_Lcd_Out15:
0x02F2	0x0E94      	MOVLW       148
0x02F4	0x6F60      	MOVWF       FARG_Lcd_Out_row, 1
0x02F6	0xD014      	BRA         L_Lcd_Out12
;__Lib_Lcd.c,191 :: 		
L_Lcd_Out16:
0x02F8	0x0ED4      	MOVLW       212
0x02FA	0x6F60      	MOVWF       FARG_Lcd_Out_row, 1
0x02FC	0xD011      	BRA         L_Lcd_Out12
;__Lib_Lcd.c,192 :: 		
L_Lcd_Out17:
0x02FE	0x0E80      	MOVLW       128
0x0300	0x6F60      	MOVWF       FARG_Lcd_Out_row, 1
;__Lib_Lcd.c,193 :: 		
0x0302	0xD00E      	BRA         L_Lcd_Out12
L_Lcd_Out11:
0x0304	0x0103      	MOVLB       3
0x0306	0x5160      	MOVF        FARG_Lcd_Out_row, 0, 1
0x0308	0x0A01      	XORLW       1
0x030A	0xE0EC      	BZ          L_Lcd_Out13
0x030C	0x5160      	MOVF        FARG_Lcd_Out_row, 0, 1
0x030E	0x0A02      	XORLW       2
0x0310	0xE0ED      	BZ          L_Lcd_Out14
0x0312	0x5160      	MOVF        FARG_Lcd_Out_row, 0, 1
0x0314	0x0A03      	XORLW       3
0x0316	0xE0ED      	BZ          L_Lcd_Out15
0x0318	0x5160      	MOVF        FARG_Lcd_Out_row, 0, 1
0x031A	0x0A04      	XORLW       4
0x031C	0xE0ED      	BZ          L_Lcd_Out16
0x031E	0xD7EF      	BRA         L_Lcd_Out17
L_Lcd_Out12:
;__Lib_Lcd.c,194 :: 		
0x0320	0x0561      	DECF        FARG_Lcd_Out_column, 0, 1
0x0322	0x6E00      	MOVWF       R0 
0x0324	0x5160      	MOVF        FARG_Lcd_Out_row, 0, 1
0x0326	0x2600      	ADDWF       R0, 1 
0x0328	0xF360C000  	MOVFF       R0, FARG_Lcd_Out_row
;__Lib_Lcd.c,196 :: 		
0x032C	0xF36AC000  	MOVFF       R0, FARG_Lcd_Cmd_out_char
0x0330	0xDF27      	RCALL       _Lcd_Cmd
;__Lib_Lcd.c,197 :: 		
0x0332	0x904A      	BCF         __Lib_Lcd_cmd_status, BitPos(__Lib_Lcd_cmd_status+0) 
;__Lib_Lcd.c,198 :: 		
0x0334	0x6B64      	CLRF        Lcd_Out_i_L0, 1
;__Lib_Lcd.c,199 :: 		
L_Lcd_Out18:
0x0336	0x5164      	MOVF        Lcd_Out_i_L0, 0, 1
0x0338	0x2562      	ADDWF       FARG_Lcd_Out_text, 0, 1
0x033A	0x6EE9      	MOVWF       FSR0L 
0x033C	0x0E00      	MOVLW       0
0x033E	0x2163      	ADDWFC      FARG_Lcd_Out_text+1, 0, 1
0x0340	0x6EEA      	MOVWF       FSR0H 
0x0342	0x52EE      	MOVF        POSTINC0, 1 
0x0344	0xE00B      	BZ          L_Lcd_Out19
;__Lib_Lcd.c,200 :: 		
0x0346	0x5164      	MOVF        Lcd_Out_i_L0, 0, 1
0x0348	0x2562      	ADDWF       FARG_Lcd_Out_text, 0, 1
0x034A	0x6EE9      	MOVWF       FSR0L 
0x034C	0x0E00      	MOVLW       0
0x034E	0x2163      	ADDWFC      FARG_Lcd_Out_text+1, 0, 1
0x0350	0x6EEA      	MOVWF       FSR0H 
0x0352	0xF365CFEE  	MOVFF       POSTINC0, FARG_Lcd_Chr_CP_out_char
0x0356	0xDF71      	RCALL       _Lcd_Chr_CP
0x0358	0x2B64      	INCF        Lcd_Out_i_L0, 1, 1
0x035A	0xD7ED      	BRA         L_Lcd_Out18
L_Lcd_Out19:
;__Lib_Lcd.c,201 :: 		
0x035C	0x804A      	BSF         __Lib_Lcd_cmd_status, BitPos(__Lib_Lcd_cmd_status+0) 
;__Lib_Lcd.c,202 :: 		
L_end_Lcd_Out:
0x035E	0x0012      	RETURN      0
; end of _Lcd_Out
_Lcd_Init:
;__Lib_Lcd.c,84 :: 		
;__Lib_Lcd.c,86 :: 		
0x0360	0x9293      	BCF         LCD_EN_Direction, BitPos(LCD_EN_Direction+0) 
;__Lib_Lcd.c,87 :: 		
0x0362	0x9093      	BCF         LCD_RS_Direction, BitPos(LCD_RS_Direction+0) 
;__Lib_Lcd.c,88 :: 		
0x0364	0x9493      	BCF         LCD_D4_Direction, BitPos(LCD_D4_Direction+0) 
;__Lib_Lcd.c,89 :: 		
0x0366	0x9693      	BCF         LCD_D5_Direction, BitPos(LCD_D5_Direction+0) 
;__Lib_Lcd.c,90 :: 		
0x0368	0x9893      	BCF         LCD_D6_Direction, BitPos(LCD_D6_Direction+0) 
;__Lib_Lcd.c,91 :: 		
0x036A	0x9A93      	BCF         LCD_D7_Direction, BitPos(LCD_D7_Direction+0) 
;__Lib_Lcd.c,93 :: 		
0x036C	0x9281      	BCF         LCD_EN, BitPos(LCD_EN+0) 
;__Lib_Lcd.c,94 :: 		
0x036E	0x9081      	BCF         LCD_RS, BitPos(LCD_RS+0) 
;__Lib_Lcd.c,95 :: 		
0x0370	0x9A81      	BCF         LCD_D7, BitPos(LCD_D7+0) 
;__Lib_Lcd.c,96 :: 		
0x0372	0x9881      	BCF         LCD_D6, BitPos(LCD_D6+0) 
;__Lib_Lcd.c,97 :: 		
0x0374	0x9681      	BCF         LCD_D5, BitPos(LCD_D5+0) 
;__Lib_Lcd.c,98 :: 		
0x0376	0x9481      	BCF         LCD_D4, BitPos(LCD_D4+0) 
;__Lib_Lcd.c,100 :: 		
0x0378	0xDE79      	RCALL       _Delay_5500us
;__Lib_Lcd.c,101 :: 		
0x037A	0xDE78      	RCALL       _Delay_5500us
;__Lib_Lcd.c,102 :: 		
0x037C	0xDE77      	RCALL       _Delay_5500us
;__Lib_Lcd.c,105 :: 		
0x037E	0x8681      	BSF         LCD_D5, BitPos(LCD_D5+0) 
;__Lib_Lcd.c,106 :: 		
0x0380	0x8481      	BSF         LCD_D4, BitPos(LCD_D4+0) 
;__Lib_Lcd.c,107 :: 		
0x0382	0x8281      	BSF         LCD_EN, BitPos(LCD_EN+0) 
;__Lib_Lcd.c,108 :: 		
0x0384	0xDE7E      	RCALL       _Delay_1us
;__Lib_Lcd.c,109 :: 		
0x0386	0x9281      	BCF         LCD_EN, BitPos(LCD_EN+0) 
;__Lib_Lcd.c,110 :: 		
0x0388	0xDE71      	RCALL       _Delay_5500us
;__Lib_Lcd.c,112 :: 		
0x038A	0x8281      	BSF         LCD_EN, BitPos(LCD_EN+0) 
;__Lib_Lcd.c,113 :: 		
0x038C	0xDE7A      	RCALL       _Delay_1us
;__Lib_Lcd.c,114 :: 		
0x038E	0x9281      	BCF         LCD_EN, BitPos(LCD_EN+0) 
;__Lib_Lcd.c,115 :: 		
0x0390	0xDE6D      	RCALL       _Delay_5500us
;__Lib_Lcd.c,117 :: 		
0x0392	0x8281      	BSF         LCD_EN, BitPos(LCD_EN+0) 
;__Lib_Lcd.c,118 :: 		
0x0394	0xDE76      	RCALL       _Delay_1us
;__Lib_Lcd.c,119 :: 		
0x0396	0x9281      	BCF         LCD_EN, BitPos(LCD_EN+0) 
;__Lib_Lcd.c,120 :: 		
0x0398	0xDE69      	RCALL       _Delay_5500us
;__Lib_Lcd.c,123 :: 		
0x039A	0x9481      	BCF         LCD_D4, BitPos(LCD_D4+0) 
;__Lib_Lcd.c,124 :: 		
0x039C	0x8281      	BSF         LCD_EN, BitPos(LCD_EN+0) 
;__Lib_Lcd.c,125 :: 		
0x039E	0xDE71      	RCALL       _Delay_1us
;__Lib_Lcd.c,126 :: 		
0x03A0	0x9281      	BCF         LCD_EN, BitPos(LCD_EN+0) 
;__Lib_Lcd.c,127 :: 		
0x03A2	0xDE64      	RCALL       _Delay_5500us
;__Lib_Lcd.c,130 :: 		
0x03A4	0x8281      	BSF         LCD_EN, BitPos(LCD_EN+0) 
;__Lib_Lcd.c,131 :: 		
0x03A6	0xDE6D      	RCALL       _Delay_1us
;__Lib_Lcd.c,132 :: 		
0x03A8	0x9281      	BCF         LCD_EN, BitPos(LCD_EN+0) 
;__Lib_Lcd.c,134 :: 		
0x03AA	0x9681      	BCF         LCD_D5, BitPos(LCD_D5+0) 
;__Lib_Lcd.c,135 :: 		
0x03AC	0x8A81      	BSF         LCD_D7, BitPos(LCD_D7+0) 
;__Lib_Lcd.c,136 :: 		
0x03AE	0x8281      	BSF         LCD_EN, BitPos(LCD_EN+0) 
;__Lib_Lcd.c,137 :: 		
0x03B0	0xDE68      	RCALL       _Delay_1us
;__Lib_Lcd.c,138 :: 		
0x03B2	0x9281      	BCF         LCD_EN, BitPos(LCD_EN+0) 
;__Lib_Lcd.c,139 :: 		
0x03B4	0xDE5B      	RCALL       _Delay_5500us
;__Lib_Lcd.c,142 :: 		
0x03B6	0x9A81      	BCF         LCD_D7, BitPos(LCD_D7+0) 
;__Lib_Lcd.c,143 :: 		
0x03B8	0x8481      	BSF         LCD_D4, BitPos(LCD_D4+0) 
;__Lib_Lcd.c,144 :: 		
0x03BA	0x8281      	BSF         LCD_EN, BitPos(LCD_EN+0) 
;__Lib_Lcd.c,145 :: 		
0x03BC	0xDE62      	RCALL       _Delay_1us
;__Lib_Lcd.c,146 :: 		
0x03BE	0x9281      	BCF         LCD_EN, BitPos(LCD_EN+0) 
;__Lib_Lcd.c,148 :: 		
0x03C0	0x9481      	BCF         LCD_D4, BitPos(LCD_D4+0) 
;__Lib_Lcd.c,149 :: 		
0x03C2	0x8281      	BSF         LCD_EN, BitPos(LCD_EN+0) 
;__Lib_Lcd.c,150 :: 		
0x03C4	0xDE5E      	RCALL       _Delay_1us
;__Lib_Lcd.c,151 :: 		
0x03C6	0x9281      	BCF         LCD_EN, BitPos(LCD_EN+0) 
;__Lib_Lcd.c,152 :: 		
0x03C8	0xDE51      	RCALL       _Delay_5500us
;__Lib_Lcd.c,155 :: 		
0x03CA	0x8281      	BSF         LCD_EN, BitPos(LCD_EN+0) 
;__Lib_Lcd.c,156 :: 		
0x03CC	0xDE5A      	RCALL       _Delay_1us
;__Lib_Lcd.c,157 :: 		
0x03CE	0x9281      	BCF         LCD_EN, BitPos(LCD_EN+0) 
;__Lib_Lcd.c,159 :: 		
0x03D0	0x8481      	BSF         LCD_D4, BitPos(LCD_D4+0) 
;__Lib_Lcd.c,160 :: 		
0x03D2	0x8281      	BSF         LCD_EN, BitPos(LCD_EN+0) 
;__Lib_Lcd.c,161 :: 		
0x03D4	0xDE56      	RCALL       _Delay_1us
;__Lib_Lcd.c,162 :: 		
0x03D6	0x9281      	BCF         LCD_EN, BitPos(LCD_EN+0) 
;__Lib_Lcd.c,163 :: 		
0x03D8	0xDE49      	RCALL       _Delay_5500us
;__Lib_Lcd.c,166 :: 		
0x03DA	0x9481      	BCF         LCD_D4, BitPos(LCD_D4+0) 
;__Lib_Lcd.c,167 :: 		
0x03DC	0x8281      	BSF         LCD_EN, BitPos(LCD_EN+0) 
;__Lib_Lcd.c,168 :: 		
0x03DE	0xDE51      	RCALL       _Delay_1us
;__Lib_Lcd.c,169 :: 		
0x03E0	0x9281      	BCF         LCD_EN, BitPos(LCD_EN+0) 
;__Lib_Lcd.c,171 :: 		
0x03E2	0x8A81      	BSF         LCD_D7, BitPos(LCD_D7+0) 
;__Lib_Lcd.c,172 :: 		
0x03E4	0x8881      	BSF         LCD_D6, BitPos(LCD_D6+0) 
;__Lib_Lcd.c,173 :: 		
0x03E6	0x8681      	BSF         LCD_D5, BitPos(LCD_D5+0) 
;__Lib_Lcd.c,174 :: 		
0x03E8	0x8481      	BSF         LCD_D4, BitPos(LCD_D4+0) 
;__Lib_Lcd.c,175 :: 		
0x03EA	0x8281      	BSF         LCD_EN, BitPos(LCD_EN+0) 
;__Lib_Lcd.c,176 :: 		
0x03EC	0xDE4A      	RCALL       _Delay_1us
;__Lib_Lcd.c,177 :: 		
0x03EE	0x9281      	BCF         LCD_EN, BitPos(LCD_EN+0) 
;__Lib_Lcd.c,179 :: 		
0x03F0	0xDE3D      	RCALL       _Delay_5500us
;__Lib_Lcd.c,181 :: 		
0x03F2	0x804A      	BSF         __Lib_Lcd_cmd_status, BitPos(__Lib_Lcd_cmd_status+0) 
;__Lib_Lcd.c,182 :: 		
L_end_Lcd_Init:
0x03F4	0x0012      	RETURN      0
; end of _Lcd_Init
___CC2DW:
;__Lib_System.c,21 :: 		
;__Lib_System.c,23 :: 		
_CC2DL_Loop1:
;__Lib_System.c,24 :: 		
0x03F6	0x0009      	TBLRD*+
;__Lib_System.c,25 :: 		
0x03F8	0xFFE6CFF5  	MOVFF       TABLAT, POSTINC1
;__Lib_System.c,26 :: 		
0x03FC	0x0600      	DECF        R0, 1, 0
;__Lib_System.c,27 :: 		
0x03FE	0xE1FB      	BNZ         _CC2DL_Loop1
;__Lib_System.c,28 :: 		
0x0400	0x0601      	DECF        R1, 1, 0
;__Lib_System.c,29 :: 		
0x0402	0xE1F9      	BNZ         _CC2DL_Loop1
;__Lib_System.c,31 :: 		
L_end___CC2DW:
0x0404	0x0012      	RETURN      0
; end of ___CC2DW
_UART_Read:
;__Lib_UART_c67.c,134 :: 		
;__Lib_UART_c67.c,135 :: 		
0x0406	0xF000C04F  	MOVFF       _UART_Rd_Ptr, R0
0x040A	0xF001C050  	MOVFF       _UART_Rd_Ptr+1, R1
0x040E	0xDE51      	RCALL       _____DoIFC
;__Lib_UART_c67.c,136 :: 		
L_end_UART_Read:
0x0410	0x0012      	RETURN      0
; end of _UART_Read
_strstr:
;__Lib_CString.c,273 :: 		
;__Lib_CString.c,274 :: 		
L_strstr70:
0x0412	0x0E00      	MOVLW       0
0x0414	0x0103      	MOVLB       3
0x0416	0x1961      	XORWF       FARG_strstr_s1+1, 0, 1
0x0418	0xE102      	BNZ         L__strstr113
0x041A	0x0E00      	MOVLW       0
0x041C	0x1960      	XORWF       FARG_strstr_s1, 0, 1
L__strstr113:
0x041E	0xE034      	BZ          L_strstr71
0x0420	0xFFE9C360  	MOVFF       FARG_strstr_s1, FSR0L
0x0424	0xFFEAC361  	MOVFF       FARG_strstr_s1+1, FSR0H
0x0428	0x52EE      	MOVF        POSTINC0, 1 
0x042A	0xE02E      	BZ          L_strstr71
L__strstr87:
;__Lib_CString.c,275 :: 		
0x042C	0xF365C362  	MOVFF       FARG_strstr_s2, FARG_strlen_s
0x0430	0xF366C363  	MOVFF       FARG_strstr_s2+1, FARG_strlen_s+1
0x0434	0xDF39      	RCALL       _strlen
0x0436	0xF369C000  	MOVFF       R0, FARG_strncmp_len
0x043A	0xF365C360  	MOVFF       FARG_strstr_s1, FARG_strncmp_s1
0x043E	0xF366C361  	MOVFF       FARG_strstr_s1+1, FARG_strncmp_s1+1
0x0442	0xF367C362  	MOVFF       FARG_strstr_s2, FARG_strncmp_s2
0x0446	0xF368C363  	MOVFF       FARG_strstr_s2+1, FARG_strncmp_s2+1
0x044A	0xDEFD      	RCALL       _strncmp
0x044C	0x0E00      	MOVLW       0
0x044E	0x1801      	XORWF       R1, 0 
0x0450	0xE102      	BNZ         L__strstr114
0x0452	0x0E00      	MOVLW       0
0x0454	0x1800      	XORWF       R0, 0 
L__strstr114:
0x0456	0xE105      	BNZ         L_strstr74
;__Lib_CString.c,276 :: 		
0x0458	0xF000C360  	MOVFF       FARG_strstr_s1, R0
0x045C	0xF001C361  	MOVFF       FARG_strstr_s1+1, R1
0x0460	0xD015      	BRA         L_end_strstr
L_strstr74:
;__Lib_CString.c,277 :: 		
0x0462	0x0E01      	MOVLW       1
0x0464	0x0103      	MOVLB       3
0x0466	0x2560      	ADDWF       FARG_strstr_s1, 0, 1
0x0468	0x6F65      	MOVWF       FARG_strchr_ptr, 1
0x046A	0x0E00      	MOVLW       0
0x046C	0x2161      	ADDWFC      FARG_strstr_s1+1, 0, 1
0x046E	0x6F66      	MOVWF       FARG_strchr_ptr+1, 1
0x0470	0xFFE9C362  	MOVFF       FARG_strstr_s2, FSR0L
0x0474	0xFFEAC363  	MOVFF       FARG_strstr_s2+1, FSR0H
0x0478	0xF367CFEE  	MOVFF       POSTINC0, FARG_strchr_chr
0x047C	0xDEC0      	RCALL       _strchr
0x047E	0xF360C000  	MOVFF       R0, FARG_strstr_s1
0x0482	0xF361C001  	MOVFF       R1, FARG_strstr_s1+1
;__Lib_CString.c,278 :: 		
0x0486	0xD7C5      	BRA         L_strstr70
L_strstr71:
;__Lib_CString.c,279 :: 		
0x0488	0x6A00      	CLRF        R0 
0x048A	0x6A01      	CLRF        R1 
;__Lib_CString.c,280 :: 		
L_end_strstr:
0x048C	0x0012      	RETURN      0
; end of _strstr
_UART1_Init:
;__Lib_UART_c67.c,15 :: 		
;__Lib_UART_c67.c,18 :: 		
0x048E	0x0E5E      	MOVLW       _UART1_Write
0x0490	0x6E53      	MOVWF       _UART_Wr_Ptr 
0x0492	0x0E00      	MOVLW       hi_addr(_UART1_Write)
0x0494	0x6E54      	MOVWF       _UART_Wr_Ptr+1 
0x0496	0x0E73      	MOVLW       FARG_UART1_Write_data_
0x0498	0x6E55      	MOVWF       _UART_Wr_Ptr+2 
0x049A	0x0E03      	MOVLW       hi_addr(FARG_UART1_Write_data_)
0x049C	0x6E56      	MOVWF       _UART_Wr_Ptr+3 
;__Lib_UART_c67.c,19 :: 		
0x049E	0x0E5A      	MOVLW       _UART1_Read
0x04A0	0x6E4F      	MOVWF       _UART_Rd_Ptr 
0x04A2	0x0E01      	MOVLW       hi_addr(_UART1_Read)
0x04A4	0x6E50      	MOVWF       _UART_Rd_Ptr+1 
0x04A6	0x0E00      	MOVLW       0
0x04A8	0x6E51      	MOVWF       _UART_Rd_Ptr+2 
0x04AA	0x0E00      	MOVLW       0
0x04AC	0x6E52      	MOVWF       _UART_Rd_Ptr+3 
;__Lib_UART_c67.c,20 :: 		
0x04AE	0x0E6C      	MOVLW       _UART1_Data_Ready
0x04B0	0x6E4B      	MOVWF       _UART_Rdy_Ptr 
0x04B2	0x0E01      	MOVLW       hi_addr(_UART1_Data_Ready)
0x04B4	0x6E4C      	MOVWF       _UART_Rdy_Ptr+1 
0x04B6	0x0E00      	MOVLW       0
0x04B8	0x6E4D      	MOVWF       _UART_Rdy_Ptr+2 
0x04BA	0x0E00      	MOVLW       0
0x04BC	0x6E4E      	MOVWF       _UART_Rdy_Ptr+3 
;__Lib_UART_c67.c,21 :: 		
0x04BE	0x0E76      	MOVLW       _UART1_Tx_Idle
0x04C0	0x6E57      	MOVWF       _UART_Tx_Idle_Ptr 
0x04C2	0x0E01      	MOVLW       hi_addr(_UART1_Tx_Idle)
0x04C4	0x6E58      	MOVWF       _UART_Tx_Idle_Ptr+1 
0x04C6	0x0E00      	MOVLW       0
0x04C8	0x6E59      	MOVWF       _UART_Tx_Idle_Ptr+2 
0x04CA	0x0E00      	MOVLW       0
0x04CC	0x6E5A      	MOVWF       _UART_Tx_Idle_Ptr+3 
;__Lib_UART_c67.c,23 :: 		
0x04CE	0x8AAC      	BSF         TXSTA, 5 
;__Lib_UART_c67.c,24 :: 		
0x04D0	0x0E90      	MOVLW       144
0x04D2	0x6EAB      	MOVWF       RCSTA 
;__Lib_UART_c67.c,25 :: 		
0x04D4	0x8E94      	BSF         TRISC7_bit, BitPos(TRISC7_bit+0) 
;__Lib_UART_c67.c,26 :: 		
0x04D6	0x9C94      	BCF         TRISC6_bit, BitPos(TRISC6_bit+0) 
;__Lib_UART_c67.c,28 :: 		
L_UART1_Init0:
0x04D8	0xAA9E      	BTFSS       PIR1, 5 
0x04DA	0xD003      	BRA         L_UART1_Init1
;__Lib_UART_c67.c,29 :: 		
0x04DC	0xF000CFAE  	MOVFF       RCREG, R0
0x04E0	0xD7FB      	BRA         L_UART1_Init0
L_UART1_Init1:
;__Lib_UART_c67.c,30 :: 		
L_end_UART1_Init:
0x04E2	0x0012      	RETURN      0
; end of _UART1_Init
_main:
0x04E4	0xF003EC81  	CALL        1794, 0
;GPS.c,37 :: 		void main(){
;GPS.c,42 :: 		ADCON1=0X0F;
0x04E8	0x0E0F      	MOVLW       15
0x04EA	0x6EC1      	MOVWF       ADCON1 
;GPS.c,43 :: 		CMCON=7;
0x04EC	0x0E07      	MOVLW       7
0x04EE	0x6EB4      	MOVWF       CMCON 
;GPS.c,44 :: 		Lcd_Init();                        // Initialize Lcd
0x04F0	0xDF37      	RCALL       _Lcd_Init
;GPS.c,46 :: 		Lcd_Cmd(_LCD_CLEAR);               // Clear display
0x04F2	0x0E01      	MOVLW       1
0x04F4	0x0103      	MOVLB       3
0x04F6	0x6F6A      	MOVWF       FARG_Lcd_Cmd_out_char, 1
0x04F8	0xDE43      	RCALL       _Lcd_Cmd
;GPS.c,47 :: 		Lcd_Cmd(_LCD_CURSOR_OFF);          // Cursor off
0x04FA	0x0E0C      	MOVLW       12
0x04FC	0x6F6A      	MOVWF       FARG_Lcd_Cmd_out_char, 1
0x04FE	0xDE40      	RCALL       _Lcd_Cmd
;GPS.c,48 :: 		Lcd_out(1,1,"GPS Time:");
0x0500	0x0E01      	MOVLW       1
0x0502	0x6F60      	MOVWF       FARG_Lcd_Out_row, 1
0x0504	0x0E01      	MOVLW       1
0x0506	0x6F61      	MOVWF       FARG_Lcd_Out_column, 1
0x0508	0x0E1C      	MOVLW       ?lstr1_GPS
0x050A	0x6F62      	MOVWF       FARG_Lcd_Out_text, 1
0x050C	0x0E00      	MOVLW       hi_addr(?lstr1_GPS)
0x050E	0x6F63      	MOVWF       FARG_Lcd_Out_text+1, 1
0x0510	0xDEE8      	RCALL       _Lcd_Out
;GPS.c,49 :: 		Lcd_out(2,1,"Waiting");
0x0512	0x0E02      	MOVLW       2
0x0514	0x6F60      	MOVWF       FARG_Lcd_Out_row, 1
0x0516	0x0E01      	MOVLW       1
0x0518	0x6F61      	MOVWF       FARG_Lcd_Out_column, 1
0x051A	0x0E26      	MOVLW       ?lstr2_GPS
0x051C	0x6F62      	MOVWF       FARG_Lcd_Out_text, 1
0x051E	0x0E00      	MOVLW       hi_addr(?lstr2_GPS)
0x0520	0x6F63      	MOVWF       FARG_Lcd_Out_text+1, 1
0x0522	0xDEDF      	RCALL       _Lcd_Out
;GPS.c,51 :: 		ready = 0;                       // Initialize variables
0x0524	0x6B5D      	CLRF        _ready, 1
;GPS.c,52 :: 		i = 0;
0x0526	0x6B5E      	CLRF        _i, 1
0x0528	0x6B5F      	CLRF        _i+1, 1
;GPS.c,54 :: 		UART1_Init(9600);                // Initialize UART module at 9600
0x052A	0x86B8      	BSF         BAUDCON, 3, 0
0x052C	0x0E02      	MOVLW       2
0x052E	0x6EB0      	MOVWF       SPBRGH 
0x0530	0x0E08      	MOVLW       8
0x0532	0x6EAF      	MOVWF       SPBRG 
0x0534	0x84AC      	BSF         TXSTA, 2, 0
0x0536	0xDFAB      	RCALL       _UART1_Init
;GPS.c,57 :: 		RCIE_bit = 1;                   // Enable USART Receiver interrupt
0x0538	0x8A9D      	BSF         RCIE_bit, BitPos(RCIE_bit+0) 
;GPS.c,58 :: 		GIE_bit = 1;                     // Enable Global interrupt
0x053A	0x8EF2      	BSF         GIE_bit, BitPos(GIE_bit+0) 
;GPS.c,59 :: 		PEIE_bit = 1;                    // Enable Peripheral interrupt
0x053C	0x8CF2      	BSF         PEIE_bit, BitPos(PEIE_bit+0) 
;GPS.c,61 :: 		while(1) {
L_main2:
;GPS.c,62 :: 		OERR_bit = 0;                 // Set OERR to 0  overrun error bit in uart
0x053E	0x92AB      	BCF         OERR_bit, BitPos(OERR_bit+0) 
;GPS.c,63 :: 		FERR_bit = 0;                 // Set FERR to 0  framming error bit in uart
0x0540	0x94AB      	BCF         FERR_bit, BitPos(FERR_bit+0) 
;GPS.c,65 :: 		if(ready == 1) {               // If the data in txt array is ready do:
0x0542	0x0103      	MOVLB       3
0x0544	0x515D      	MOVF        _ready, 0, 1
0x0546	0x0A01      	XORLW       1
0x0548	0xA4D8      	BTFSS       STATUS, 2 
0x054A	0xD0C2      	BRA         L_main4
;GPS.c,66 :: 		ready = 0;
0x054C	0x6B5D      	CLRF        _ready, 1
;GPS.c,67 :: 		string = strstr(txt,"$GPGGA");   //locates the first position of $GPGLL in txt
0x054E	0x0E5D      	MOVLW       _txt
0x0550	0x6F60      	MOVWF       FARG_strstr_s1, 1
0x0552	0x0E00      	MOVLW       hi_addr(_txt)
0x0554	0x6F61      	MOVWF       FARG_strstr_s1+1, 1
0x0556	0x0E2E      	MOVLW       ?lstr3_GPS
0x0558	0x6F62      	MOVWF       FARG_strstr_s2, 1
0x055A	0x0E00      	MOVLW       hi_addr(?lstr3_GPS)
0x055C	0x6F63      	MOVWF       FARG_strstr_s2+1, 1
0x055E	0xDF59      	RCALL       _strstr
0x0560	0xF05BC000  	MOVFF       R0, _string
0x0564	0xF05CC001  	MOVFF       R1, _string+1
;GPS.c,69 :: 		if(string != 0) {            // If txt array contains "$GPGLL" string we proceed...
0x0568	0x0E00      	MOVLW       0
0x056A	0x1801      	XORWF       R1, 0 
0x056C	0xE102      	BNZ         L__main11
0x056E	0x0E00      	MOVLW       0
0x0570	0x1800      	XORWF       R0, 0 
L__main11:
0x0572	0xB4D8      	BTFSC       STATUS, 2 
0x0574	0xD0AD      	BRA         L_main5
;GPS.c,70 :: 		if(string[7] != ',') {     // If "$GPGLL" NMEA message have ',' sign in the 8-th
0x0576	0x0E07      	MOVLW       7
0x0578	0x245B      	ADDWF       _string, 0 
0x057A	0x6EE9      	MOVWF       FSR0L 
0x057C	0x0E00      	MOVLW       0
0x057E	0x205C      	ADDWFC      _string+1, 0 
0x0580	0x6EEA      	MOVWF       FSR0H 
0x0582	0x50EE      	MOVF        POSTINC0, 0 
0x0584	0x0A2C      	XORLW       44
0x0586	0xB4D8      	BTFSC       STATUS, 2 
0x0588	0xD0A3      	BRA         L_main6
;GPS.c,75 :: 		Lcd_Cmd(_LCD_CLEAR);
0x058A	0x0E01      	MOVLW       1
0x058C	0x0103      	MOVLB       3
0x058E	0x6F6A      	MOVWF       FARG_Lcd_Cmd_out_char, 1
0x0590	0xDDF7      	RCALL       _Lcd_Cmd
;GPS.c,76 :: 		Lcd_Cmd(_LCD_CURSOR_OFF);
0x0592	0x0E0C      	MOVLW       12
0x0594	0x6F6A      	MOVWF       FARG_Lcd_Cmd_out_char, 1
0x0596	0xDDF4      	RCALL       _Lcd_Cmd
;GPS.c,78 :: 		Lcd_out(1,1,"time=");
0x0598	0x0E01      	MOVLW       1
0x059A	0x6F60      	MOVWF       FARG_Lcd_Out_row, 1
0x059C	0x0E01      	MOVLW       1
0x059E	0x6F61      	MOVWF       FARG_Lcd_Out_column, 1
0x05A0	0x0E35      	MOVLW       ?lstr4_GPS
0x05A2	0x6F62      	MOVWF       FARG_Lcd_Out_text, 1
0x05A4	0x0E00      	MOVLW       hi_addr(?lstr4_GPS)
0x05A6	0x6F63      	MOVWF       FARG_Lcd_Out_text+1, 1
0x05A8	0xDE9C      	RCALL       _Lcd_Out
;GPS.c,79 :: 		Lcd_Chr_Cp(string[7]);
0x05AA	0x0E07      	MOVLW       7
0x05AC	0x245B      	ADDWF       _string, 0 
0x05AE	0x6EE9      	MOVWF       FSR0L 
0x05B0	0x0E00      	MOVLW       0
0x05B2	0x205C      	ADDWFC      _string+1, 0 
0x05B4	0x6EEA      	MOVWF       FSR0H 
0x05B6	0xF365CFEE  	MOVFF       POSTINC0, FARG_Lcd_Chr_CP_out_char
0x05BA	0xDE3F      	RCALL       _Lcd_Chr_CP
;GPS.c,80 :: 		Lcd_Chr_Cp(string[8]);
0x05BC	0x0E08      	MOVLW       8
0x05BE	0x245B      	ADDWF       _string, 0 
0x05C0	0x6EE9      	MOVWF       FSR0L 
0x05C2	0x0E00      	MOVLW       0
0x05C4	0x205C      	ADDWFC      _string+1, 0 
0x05C6	0x6EEA      	MOVWF       FSR0H 
0x05C8	0xF365CFEE  	MOVFF       POSTINC0, FARG_Lcd_Chr_CP_out_char
0x05CC	0xDE36      	RCALL       _Lcd_Chr_CP
;GPS.c,81 :: 		Lcd_Chr_Cp(':');
0x05CE	0x0E3A      	MOVLW       58
0x05D0	0x6F65      	MOVWF       FARG_Lcd_Chr_CP_out_char, 1
0x05D2	0xDE33      	RCALL       _Lcd_Chr_CP
;GPS.c,82 :: 		Lcd_Chr_Cp(string[9]);
0x05D4	0x0E09      	MOVLW       9
0x05D6	0x245B      	ADDWF       _string, 0 
0x05D8	0x6EE9      	MOVWF       FSR0L 
0x05DA	0x0E00      	MOVLW       0
0x05DC	0x205C      	ADDWFC      _string+1, 0 
0x05DE	0x6EEA      	MOVWF       FSR0H 
0x05E0	0xF365CFEE  	MOVFF       POSTINC0, FARG_Lcd_Chr_CP_out_char
0x05E4	0xDE2A      	RCALL       _Lcd_Chr_CP
;GPS.c,83 :: 		Lcd_Chr_Cp(string[10]);
0x05E6	0x0E0A      	MOVLW       10
0x05E8	0x245B      	ADDWF       _string, 0 
0x05EA	0x6EE9      	MOVWF       FSR0L 
0x05EC	0x0E00      	MOVLW       0
0x05EE	0x205C      	ADDWFC      _string+1, 0 
0x05F0	0x6EEA      	MOVWF       FSR0H 
0x05F2	0xF365CFEE  	MOVFF       POSTINC0, FARG_Lcd_Chr_CP_out_char
0x05F6	0xDE21      	RCALL       _Lcd_Chr_CP
;GPS.c,84 :: 		Lcd_out(2,1,"lat=");
0x05F8	0x0E02      	MOVLW       2
0x05FA	0x6F60      	MOVWF       FARG_Lcd_Out_row, 1
0x05FC	0x0E01      	MOVLW       1
0x05FE	0x6F61      	MOVWF       FARG_Lcd_Out_column, 1
0x0600	0x0E3B      	MOVLW       ?lstr5_GPS
0x0602	0x6F62      	MOVWF       FARG_Lcd_Out_text, 1
0x0604	0x0E00      	MOVLW       hi_addr(?lstr5_GPS)
0x0606	0x6F63      	MOVWF       FARG_Lcd_Out_text+1, 1
0x0608	0xDE6C      	RCALL       _Lcd_Out
;GPS.c,85 :: 		Lcd_Chr_Cp(string[17]);
0x060A	0x0E11      	MOVLW       17
0x060C	0x245B      	ADDWF       _string, 0 
0x060E	0x6EE9      	MOVWF       FSR0L 
0x0610	0x0E00      	MOVLW       0
0x0612	0x205C      	ADDWFC      _string+1, 0 
0x0614	0x6EEA      	MOVWF       FSR0H 
0x0616	0xF365CFEE  	MOVFF       POSTINC0, FARG_Lcd_Chr_CP_out_char
0x061A	0xDE0F      	RCALL       _Lcd_Chr_CP
;GPS.c,86 :: 		Lcd_Chr_Cp(string[18]);
0x061C	0x0E12      	MOVLW       18
0x061E	0x245B      	ADDWF       _string, 0 
0x0620	0x6EE9      	MOVWF       FSR0L 
0x0622	0x0E00      	MOVLW       0
0x0624	0x205C      	ADDWFC      _string+1, 0 
0x0626	0x6EEA      	MOVWF       FSR0H 
0x0628	0xF365CFEE  	MOVFF       POSTINC0, FARG_Lcd_Chr_CP_out_char
0x062C	0xDE06      	RCALL       _Lcd_Chr_CP
;GPS.c,87 :: 		Lcd_Chr_Cp(string[19]);
0x062E	0x0E13      	MOVLW       19
0x0630	0x245B      	ADDWF       _string, 0 
0x0632	0x6EE9      	MOVWF       FSR0L 
0x0634	0x0E00      	MOVLW       0
0x0636	0x205C      	ADDWFC      _string+1, 0 
0x0638	0x6EEA      	MOVWF       FSR0H 
0x063A	0xF365CFEE  	MOVFF       POSTINC0, FARG_Lcd_Chr_CP_out_char
0x063E	0xDDFD      	RCALL       _Lcd_Chr_CP
;GPS.c,88 :: 		Lcd_Chr_Cp(string[20]);
0x0640	0x0E14      	MOVLW       20
0x0642	0x245B      	ADDWF       _string, 0 
0x0644	0x6EE9      	MOVWF       FSR0L 
0x0646	0x0E00      	MOVLW       0
0x0648	0x205C      	ADDWFC      _string+1, 0 
0x064A	0x6EEA      	MOVWF       FSR0H 
0x064C	0xF365CFEE  	MOVFF       POSTINC0, FARG_Lcd_Chr_CP_out_char
0x0650	0xDDF4      	RCALL       _Lcd_Chr_CP
;GPS.c,89 :: 		Lcd_Chr_Cp(string[28]);
0x0652	0x0E1C      	MOVLW       28
0x0654	0x245B      	ADDWF       _string, 0 
0x0656	0x6EE9      	MOVWF       FSR0L 
0x0658	0x0E00      	MOVLW       0
0x065A	0x205C      	ADDWFC      _string+1, 0 
0x065C	0x6EEA      	MOVWF       FSR0H 
0x065E	0xF365CFEE  	MOVFF       POSTINC0, FARG_Lcd_Chr_CP_out_char
0x0662	0xDDEB      	RCALL       _Lcd_Chr_CP
;GPS.c,92 :: 		Lcd_out(3,1,"long=");
0x0664	0x0E03      	MOVLW       3
0x0666	0x6F60      	MOVWF       FARG_Lcd_Out_row, 1
0x0668	0x0E01      	MOVLW       1
0x066A	0x6F61      	MOVWF       FARG_Lcd_Out_column, 1
0x066C	0x0E40      	MOVLW       ?lstr6_GPS
0x066E	0x6F62      	MOVWF       FARG_Lcd_Out_text, 1
0x0670	0x0E00      	MOVLW       hi_addr(?lstr6_GPS)
0x0672	0x6F63      	MOVWF       FARG_Lcd_Out_text+1, 1
0x0674	0xDE36      	RCALL       _Lcd_Out
;GPS.c,93 :: 		Lcd_Chr_Cp(string[30]);
0x0676	0x0E1E      	MOVLW       30
0x0678	0x245B      	ADDWF       _string, 0 
0x067A	0x6EE9      	MOVWF       FSR0L 
0x067C	0x0E00      	MOVLW       0
0x067E	0x205C      	ADDWFC      _string+1, 0 
0x0680	0x6EEA      	MOVWF       FSR0H 
0x0682	0xF365CFEE  	MOVFF       POSTINC0, FARG_Lcd_Chr_CP_out_char
0x0686	0xDDD9      	RCALL       _Lcd_Chr_CP
;GPS.c,94 :: 		Lcd_Chr_Cp(string[31]);
0x0688	0x0E1F      	MOVLW       31
0x068A	0x245B      	ADDWF       _string, 0 
0x068C	0x6EE9      	MOVWF       FSR0L 
0x068E	0x0E00      	MOVLW       0
0x0690	0x205C      	ADDWFC      _string+1, 0 
0x0692	0x6EEA      	MOVWF       FSR0H 
0x0694	0xF365CFEE  	MOVFF       POSTINC0, FARG_Lcd_Chr_CP_out_char
0x0698	0xDDD0      	RCALL       _Lcd_Chr_CP
;GPS.c,95 :: 		Lcd_Chr_Cp(string[32]);
0x069A	0x0E20      	MOVLW       32
0x069C	0x245B      	ADDWF       _string, 0 
0x069E	0x6EE9      	MOVWF       FSR0L 
0x06A0	0x0E00      	MOVLW       0
0x06A2	0x205C      	ADDWFC      _string+1, 0 
0x06A4	0x6EEA      	MOVWF       FSR0H 
0x06A6	0xF365CFEE  	MOVFF       POSTINC0, FARG_Lcd_Chr_CP_out_char
0x06AA	0xDDC7      	RCALL       _Lcd_Chr_CP
;GPS.c,96 :: 		Lcd_Chr_Cp(string[33]);
0x06AC	0x0E21      	MOVLW       33
0x06AE	0x245B      	ADDWF       _string, 0 
0x06B0	0x6EE9      	MOVWF       FSR0L 
0x06B2	0x0E00      	MOVLW       0
0x06B4	0x205C      	ADDWFC      _string+1, 0 
0x06B6	0x6EEA      	MOVWF       FSR0H 
0x06B8	0xF365CFEE  	MOVFF       POSTINC0, FARG_Lcd_Chr_CP_out_char
0x06BC	0xDDBE      	RCALL       _Lcd_Chr_CP
;GPS.c,97 :: 		Lcd_Chr_Cp(string[42]);
0x06BE	0x0E2A      	MOVLW       42
0x06C0	0x245B      	ADDWF       _string, 0 
0x06C2	0x6EE9      	MOVWF       FSR0L 
0x06C4	0x0E00      	MOVLW       0
0x06C6	0x205C      	ADDWFC      _string+1, 0 
0x06C8	0x6EEA      	MOVWF       FSR0H 
0x06CA	0xF365CFEE  	MOVFF       POSTINC0, FARG_Lcd_Chr_CP_out_char
0x06CE	0xDDB5      	RCALL       _Lcd_Chr_CP
;GPS.c,102 :: 		}
L_main6:
;GPS.c,103 :: 		}
L_main5:
;GPS.c,104 :: 		}
L_main4:
;GPS.c,105 :: 		}
0x06D0	0xD736      	BRA         L_main2
;GPS.c,106 :: 		}
L_end_main:
0x06D2	0xD7FF      	BRA         $+0
; end of _main
0x0702	0xF018EE10  	LFSR        1, 24
0x0706	0x0E2E      	MOVLW       46
0x0708	0x6E00      	MOVWF       R0 
0x070A	0x0E01      	MOVLW       1
0x070C	0x6E01      	MOVWF       R1 
0x070E	0x0ED4      	MOVLW       212
0x0710	0x6EF6      	MOVWF       4086 
0x0712	0x0E06      	MOVLW       6
0x0714	0x6EF7      	MOVWF       TBLPTRH 
0x0716	0x0E00      	MOVLW       0
0x0718	0x6EF8      	MOVWF       TBLPTRU 
0x071A	0xF001ECFB  	CALL        1014, 0
0x071E	0x0012      	RETURN      0
;__Lib_I2C_c34.c,0 :: ?ICS__Lib_I2C_c34__I2C1_TIMEOUT
0x06D4	0x0000 ;?ICS__Lib_I2C_c34__I2C1_TIMEOUT+0
0x06D6	0x0000 ;?ICS__Lib_I2C_c34__I2C1_TIMEOUT+2
; end of ?ICS__Lib_I2C_c34__I2C1_TIMEOUT
;GPS.c,0 :: ?ICS?lstr1_GPS
0x06D8	0x5047 ;?ICS?lstr1_GPS+0
0x06DA	0x2053 ;?ICS?lstr1_GPS+2
0x06DC	0x6954 ;?ICS?lstr1_GPS+4
0x06DE	0x656D ;?ICS?lstr1_GPS+6
0x06E0	0x003A ;?ICS?lstr1_GPS+8
; end of ?ICS?lstr1_GPS
;GPS.c,0 :: ?ICS?lstr2_GPS
0x06E2	0x6157 ;?ICS?lstr2_GPS+0
0x06E4	0x7469 ;?ICS?lstr2_GPS+2
0x06E6	0x6E69 ;?ICS?lstr2_GPS+4
0x06E8	0x0067 ;?ICS?lstr2_GPS+6
; end of ?ICS?lstr2_GPS
;GPS.c,0 :: ?ICS?lstr3_GPS
0x06EA	0x4724 ;?ICS?lstr3_GPS+0
0x06EC	0x4750 ;?ICS?lstr3_GPS+2
0x06EE	0x4147 ;?ICS?lstr3_GPS+4
0x06F0	0x00 ;?ICS?lstr3_GPS+6
; end of ?ICS?lstr3_GPS
;GPS.c,0 :: ?ICS?lstr4_GPS
0x06F1	0x6974 ;?ICS?lstr4_GPS+0
0x06F3	0x656D ;?ICS?lstr4_GPS+2
0x06F5	0x003D ;?ICS?lstr4_GPS+4
; end of ?ICS?lstr4_GPS
;GPS.c,0 :: ?ICS?lstr5_GPS
0x06F7	0x616C ;?ICS?lstr5_GPS+0
0x06F9	0x3D74 ;?ICS?lstr5_GPS+2
0x06FB	0x00 ;?ICS?lstr5_GPS+4
; end of ?ICS?lstr5_GPS
;GPS.c,0 :: ?ICS?lstr6_GPS
0x06FC	0x6F6C ;?ICS?lstr6_GPS+0
0x06FE	0x676E ;?ICS?lstr6_GPS+2
0x0700	0x003D ;?ICS?lstr6_GPS+4
; end of ?ICS?lstr6_GPS
Symbol List:
//** Routines locations **
//ADDRESS    SIZE    PROCEDURE
//----------------------------------------------
0x0008      [86]    _interrupt
0x005E      [14]    _UART1_Write
0x006C      [22]    _Delay_5500us
0x0082      [12]    _Delay_1us
0x008E      [10]    _Delay_50us
0x0098      [26]    _I2C1_Is_Idle
0x00B2      [24]    _____DoIFC
0x00CA     [144]    _I2C1_Start
0x015A      [18]    _UART1_Read
0x016C      [10]    _UART1_Data_Ready
0x0176      [10]    _UART1_Tx_Idle
0x0180     [126]    _Lcd_Cmd
0x01FE      [60]    _strchr
0x023A      [12]    _Lcd_Chr_CP
0x0246      [98]    _strncmp
0x02A8      [58]    _strlen
0x02E2     [126]    _Lcd_Out
0x0360     [150]    _Lcd_Init
0x03F6      [16]    ___CC2DW
0x0406      [12]    _UART_Read
0x0412     [124]    _strstr
0x048E      [86]    _UART1_Init
0x04E4     [496]    _main
//** Variables locations ** 
//ADDRESS    SIZE    VARIABLE
//----------------------------------------------
0x0000       [1]    R0
0x0000       [1]    UART1_Init_tmp_L0
0x0001       [1]    UART1_Read___tmp_UART1_Read_L0
0x0001       [1]    R1
0x0001       [1]    ispunct_rslt_L0
0x0002       [1]    R2
0x0002       [2]    memchr_s_L0
0x0002       [2]    memset_pp_L0
0x0002       [2]    memcpy_dd_L0
0x0002       [2]    strlen_cp_L0
0x0003       [2]    memmove_tt_L0
0x0003       [1]    R3
0x0004       [1]    R4
0x0004       [2]    frexp_pom_L0
0x0004       [2]    strncpy_cp_L0
0x0004       [2]    memcpy_ss_L0
0x0004       [2]    strncat_cp_L0
0x0004       [2]    strcat_cp_L0
0x0004       [2]    strcpy_cp_L0
0x0005       [2]    memmove_ff_L0
0x0005       [1]    R5
0x0006       [1]    R6
0x0007       [1]    R7
0x0008       [1]    R8
0x0009       [1]    R9
0x000A       [1]    R10
0x000B       [1]    R11
0x000C       [1]    R12
0x000D       [1]    R13
0x000E       [1]    R14
0x000F       [1]    R15
0x0010       [1]    R16
0x0011       [1]    R17
0x0012       [1]    R18
0x0013       [1]    R19
0x0014       [1]    R20
0x0018       [4]    __Lib_I2C_c34__I2C1_TIMEOUT
0x001C      [10]    ?lstr1_GPS
0x0026       [8]    ?lstr2_GPS
0x002E       [7]    ?lstr3_GPS
0x0035       [6]    ?lstr4_GPS
0x003B       [5]    ?lstr5_GPS
0x0040       [6]    ?lstr6_GPS
0x0046       [4]    _I2C1_Timeout_Ptr
0x004A       [0]    __Lib_Lcd_cmd_status
0x004B       [4]    _UART_Rdy_Ptr
0x004F       [4]    _UART_Rd_Ptr
0x0053       [4]    _UART_Wr_Ptr
0x0057       [4]    _UART_Tx_Idle_Ptr
0x005B       [2]    _string
0x005D     [768]    _txt
0x035D       [1]    _ready
0x035E       [2]    _i
0x0360       [2]    FARG_strstr_s1
0x0360       [1]    FARG_Lcd_Out_row
0x0361       [1]    FARG_Lcd_Out_column
0x0362       [2]    FARG_Lcd_Out_text
0x0362       [2]    FARG_strstr_s2
0x0364       [1]    Lcd_Out_i_L0
0x0365       [1]    FARG_Lcd_Chr_CP_out_char
0x0365       [2]    FARG_strchr_ptr
0x0365       [2]    FARG_strncmp_s1
0x0365       [2]    FARG_strlen_s
0x0367       [1]    FARG_strchr_chr
0x0367       [2]    FARG_strncmp_s2
0x0369       [1]    FARG_strncmp_len
0x036A       [1]    FARG_Lcd_Cmd_out_char
0x036B       [2]    FLOC__interrupt
0x036D       [2]    I2C1_Start_j_L0
0x036F       [4]    I2C1_Start_timeout_L0
0x0373       [1]    FARG_UART1_Write_data_
0x0F81       [0]    RB4_bit
0x0F81       [0]    RB1_bit
0x0F81       [0]    RB5_bit
0x0F81       [0]    RB2_bit
0x0F81       [0]    RB3_bit
0x0F81       [0]    LCD_D7
0x0F81       [0]    LCD_D5
0x0F81       [0]    LCD_D6
0x0F81       [0]    LCD_EN
0x0F81       [0]    LCD_D4
0x0F81       [0]    LCD_RS
0x0F81       [0]    RB0_bit
0x0F93       [0]    LCD_D5_Direction
0x0F93       [0]    LCD_D6_Direction
0x0F93       [0]    LCD_D7_Direction
0x0F93       [0]    LCD_D4_Direction
0x0F93       [0]    LCD_RS_Direction
0x0F93       [0]    LCD_EN_Direction
0x0F93       [0]    TRISB0_bit
0x0F93       [0]    TRISB1_bit
0x0F93       [0]    TRISB5_bit
0x0F93       [0]    TRISB4_bit
0x0F93       [0]    TRISB3_bit
0x0F93       [0]    TRISB2_bit
0x0F94       [0]    TRISC6_bit
0x0F94       [0]    TRISC7_bit
0x0F9D       [0]    RCIE_bit
0x0F9E       [0]    RCIF_bit
0x0F9E       [1]    PIR1
0x0FAB       [0]    OERR_bit
0x0FAB       [0]    FERR_bit
0x0FAB       [1]    RCSTA
0x0FAC       [1]    TXSTA
0x0FAD       [1]    TXREG
0x0FAE       [1]    RCREG
0x0FAF       [1]    SPBRG
0x0FB0       [1]    SPBRGH
0x0FB4       [1]    CMCON
0x0FB8       [1]    BAUDCON
0x0FC1       [1]    ADCON1
0x0FC5       [1]    SSPCON2
0x0FC7       [1]    SSPSTAT
0x0FD8       [1]    STATUS
0x0FD9       [1]    FSR2L
0x0FDA       [1]    FSR2H
0x0FDE       [1]    POSTINC2
0x0FE0       [1]    BSR
0x0FE1       [2]    FSR1
0x0FE1       [1]    FSR1L
0x0FE2       [1]    FSR1H
0x0FE4       [1]    PREINC1
0x0FE6       [1]    POSTINC1
0x0FE7       [1]    INDF1
0x0FE8       [1]    WREG
0x0FE9       [1]    FSR0L
0x0FEA       [1]    FSR0H
0x0FEE       [1]    POSTINC0
0x0FF2       [0]    PEIE_bit
0x0FF2       [0]    GIE_bit
0x0FF2       [1]    INTCON
0x0FF3       [1]    PRODL
0x0FF4       [1]    PRODH
0x0FF5       [1]    TABLAT
0x0FF6       [1]    TBLPTRL
0x0FF7       [1]    TBLPTRH
0x0FF8       [1]    TBLPTRU
0x0FFD       [1]    TOSL
0x0FFE       [1]    TOSH
0x0FFF       [1]    TOSU
//** Constants locations ** 
//ADDRESS    SIZE    CONSTANT
//----------------------------------------------
0x06D4       [4]    ?ICS__Lib_I2C_c34__I2C1_TIMEOUT
0x06D8      [10]    ?ICS?lstr1_GPS
0x06E2       [8]    ?ICS?lstr2_GPS
0x06EA       [7]    ?ICS?lstr3_GPS
0x06F1       [6]    ?ICS?lstr4_GPS
0x06F7       [5]    ?ICS?lstr5_GPS
0x06FC       [6]    ?ICS?lstr6_GPS
